#
# There is insufficient memory for the Java Runtime Environment to continue.
# Native memory allocation (malloc) failed to allocate 982576 bytes for Chunk::new
# Possible reasons:
#   The system is out of physical RAM or swap space
#   The process is running with CompressedOops enabled, and the Java Heap may be blocking the growth of the native heap
# Possible solutions:
#   Reduce memory load on the system
#   Increase physical memory or swap space
#   Check if swap backing store is full
#   Decrease Java heap size (-Xmx/-Xms)
#   Decrease number of Java threads
#   Decrease Java thread stack sizes (-Xss)
#   Set larger code cache with -XX:ReservedCodeCacheSize=
#   JVM is running with Unscaled Compressed Oops mode in which the Java heap is
#     placed in the first 4GB address space. The Java Heap base address is the
#     maximum limit for the native heap growth. Please use -XX:HeapBaseMinAddress
#     to set the Java Heap base and to place the Java Heap above 4GB virtual address.
# This output file may be truncated or incomplete.
#
#  Out of Memory Error (arena.cpp:189), pid=34776, tid=18856
#
# JRE version: OpenJDK Runtime Environment (17.0.7) (build 17.0.7+0-b2043.56-10550314)
# Java VM: OpenJDK 64-Bit Server VM (17.0.7+0-b2043.56-10550314, mixed mode, tiered, compressed oops, compressed class ptrs, g1 gc, windows-amd64)
# No core dump will be written. Minidumps are not enabled by default on client versions of Windows
#

---------------  S U M M A R Y ------------

Command Line: --add-opens=java.base/java.util=ALL-UNNAMED --add-opens=java.base/java.lang=ALL-UNNAMED --add-opens=java.base/java.lang.invoke=ALL-UNNAMED --add-opens=java.prefs/java.util.prefs=ALL-UNNAMED --add-opens=java.base/java.nio.charset=ALL-UNNAMED --add-opens=java.base/java.net=ALL-UNNAMED --add-opens=java.base/java.util.concurrent.atomic=ALL-UNNAMED -Xmx2048m -Dfile.encoding=UTF-8 -Duser.country=CA -Duser.language=en -Duser.variant -javaagent:C:\Users\berna\.gradle\wrapper\dists\gradle-8.2-bin\bbg7u40eoinfdyxsxr3z4i7ta\gradle-8.2\lib\agents\gradle-instrumentation-agent-8.2.jar org.gradle.launcher.daemon.bootstrap.GradleDaemon 8.2

Host: Intel(R) Core(TM) i7-9750H CPU @ 2.60GHz, 12 cores, 7G,  Windows 10 , 64 bit Build 19041 (10.0.19041.3636)
Time: Wed Jan 17 22:12:51 2024 Eastern Standard Time elapsed time: 7.953923 seconds (0d 0h 0m 7s)

---------------  T H R E A D  ---------------

Current thread (0x000001f57f06cba0):  JavaThread "C2 CompilerThread0" daemon [_thread_in_native, id=18856, stack(0x000000a3b8600000,0x000000a3b8700000)]


Current CompileTask:
C2:   7954 2265   !   4       java.net.URLClassLoader::findClass (47 bytes)

Stack: [0x000000a3b8600000,0x000000a3b8700000]
Native frames: (J=compiled Java code, j=interpreted, Vv=VM code, C=native code)
V  [jvm.dll+0x683bfa]
V  [jvm.dll+0x8430a4]
V  [jvm.dll+0x8449be]
V  [jvm.dll+0x845023]
V  [jvm.dll+0x24ad2f]
V  [jvm.dll+0xac25c]
V  [jvm.dll+0xac82c]
V  [jvm.dll+0x2b218f]
V  [jvm.dll+0x58c2f7]
V  [jvm.dll+0x225a12]
V  [jvm.dll+0x225def]
V  [jvm.dll+0x21f0b5]
V  [jvm.dll+0x21c56b]
V  [jvm.dll+0x1a605d]
V  [jvm.dll+0x22c148]
V  [jvm.dll+0x22a209]
V  [jvm.dll+0x7f858c]
V  [jvm.dll+0x7f2aea]
V  [jvm.dll+0x682a35]
C  [ucrtbase.dll+0x21bb2]
C  [KERNEL32.DLL+0x17344]
C  [ntdll.dll+0x526b1]


---------------  P R O C E S S  ---------------

Threads class SMR info:
_java_thread_list=0x000001f501865a00, length=26, elements={
0x000001f55e982060, 0x000001f57f025270, 0x000001f57f025ff0, 0x000001f57f0683b0,
0x000001f57f06ad80, 0x000001f57f06b640, 0x000001f57f06bf00, 0x000001f57f06cba0,
0x000001f57f078a60, 0x000001f57f07b370, 0x000001f57f1b9810, 0x000001f57f30d550,
0x000001f501b49750, 0x000001f50097c670, 0x000001f5016d6880, 0x000001f50142a600,
0x000001f501bda850, 0x000001f501155b10, 0x000001f50178c250, 0x000001f5015ea670,
0x000001f5015eb9b0, 0x000001f5015eab40, 0x000001f5015ebe80, 0x000001f5015ec820,
0x000001f501e875d0, 0x000001f5015e9330
}

Java Threads: ( => current thread )
  0x000001f55e982060 JavaThread "main" [_thread_blocked, id=26368, stack(0x000000a3b7900000,0x000000a3b7a00000)]
  0x000001f57f025270 JavaThread "Reference Handler" daemon [_thread_blocked, id=30000, stack(0x000000a3b8000000,0x000000a3b8100000)]
  0x000001f57f025ff0 JavaThread "Finalizer" daemon [_thread_blocked, id=32636, stack(0x000000a3b8100000,0x000000a3b8200000)]
  0x000001f57f0683b0 JavaThread "Signal Dispatcher" daemon [_thread_blocked, id=12756, stack(0x000000a3b8200000,0x000000a3b8300000)]
  0x000001f57f06ad80 JavaThread "Attach Listener" daemon [_thread_blocked, id=9084, stack(0x000000a3b8300000,0x000000a3b8400000)]
  0x000001f57f06b640 JavaThread "Service Thread" daemon [_thread_blocked, id=26756, stack(0x000000a3b8400000,0x000000a3b8500000)]
  0x000001f57f06bf00 JavaThread "Monitor Deflation Thread" daemon [_thread_blocked, id=14312, stack(0x000000a3b8500000,0x000000a3b8600000)]
=>0x000001f57f06cba0 JavaThread "C2 CompilerThread0" daemon [_thread_in_native, id=18856, stack(0x000000a3b8600000,0x000000a3b8700000)]
  0x000001f57f078a60 JavaThread "C1 CompilerThread0" daemon [_thread_blocked, id=12276, stack(0x000000a3b8700000,0x000000a3b8800000)]
  0x000001f57f07b370 JavaThread "Sweeper thread" daemon [_thread_blocked, id=29372, stack(0x000000a3b8800000,0x000000a3b8900000)]
  0x000001f57f1b9810 JavaThread "Common-Cleaner" daemon [_thread_blocked, id=26352, stack(0x000000a3b8900000,0x000000a3b8a00000)]
  0x000001f57f30d550 JavaThread "Notification Thread" daemon [_thread_blocked, id=32616, stack(0x000000a3b8a00000,0x000000a3b8b00000)]
  0x000001f501b49750 JavaThread "Daemon health stats" [_thread_blocked, id=19300, stack(0x000000a3b9100000,0x000000a3b9200000)]
  0x000001f50097c670 JavaThread "Incoming local TCP Connector on port 63894" [_thread_in_native, id=16820, stack(0x000000a3b9200000,0x000000a3b9300000)]
  0x000001f5016d6880 JavaThread "Daemon periodic checks" [_thread_blocked, id=17552, stack(0x000000a3b9300000,0x000000a3b9400000)]
  0x000001f50142a600 JavaThread "Daemon" [_thread_blocked, id=34724, stack(0x000000a3b9400000,0x000000a3b9500000)]
  0x000001f501bda850 JavaThread "Handler for socket connection from /127.0.0.1:63894 to /127.0.0.1:63895" [_thread_in_native, id=6904, stack(0x000000a3b9500000,0x000000a3b9600000)]
  0x000001f501155b10 JavaThread "Cancel handler" [_thread_blocked, id=8904, stack(0x000000a3b9600000,0x000000a3b9700000)]
  0x000001f50178c250 JavaThread "Daemon worker" [_thread_in_vm, id=27936, stack(0x000000a3b9700000,0x000000a3b9800000)]
  0x000001f5015ea670 JavaThread "Asynchronous log dispatcher for DefaultDaemonConnection: socket connection from /127.0.0.1:63894 to /127.0.0.1:63895" [_thread_blocked, id=26968, stack(0x000000a3b9800000,0x000000a3b9900000)]
  0x000001f5015eb9b0 JavaThread "Stdin handler" [_thread_blocked, id=32904, stack(0x000000a3b9900000,0x000000a3b9a00000)]
  0x000001f5015eab40 JavaThread "Daemon client event forwarder" [_thread_blocked, id=25172, stack(0x000000a3b9a00000,0x000000a3b9b00000)]
  0x000001f5015ebe80 JavaThread "Cache worker for journal cache (C:\Users\berna\.gradle\caches\journal-1)" [_thread_blocked, id=23836, stack(0x000000a3ba100000,0x000000a3ba200000)]
  0x000001f5015ec820 JavaThread "File lock request listener" [_thread_in_native, id=17412, stack(0x000000a3ba200000,0x000000a3ba300000)]
  0x000001f501e875d0 JavaThread "C2 CompilerThread1" daemon [_thread_in_native, id=6060, stack(0x000000a3ba300000,0x000000a3ba400000)]
  0x000001f5015e9330 JavaThread "Cache worker for file hash cache (C:\Users\berna\.gradle\caches\8.2\fileHashes)" [_thread_blocked, id=31444, stack(0x000000a3ba400000,0x000000a3ba500000)]

Other Threads:
  0x000001f57aae75f0 VMThread "VM Thread" [stack: 0x000000a3b7f00000,0x000000a3b8000000] [id=17520]
  0x000001f55ea0de60 WatcherThread [stack: 0x000000a3b8b00000,0x000000a3b8c00000] [id=11172]
  0x000001f55e9dd820 GCTaskThread "GC Thread#0" [stack: 0x000000a3b7a00000,0x000000a3b7b00000] [id=13480]
  0x000001f57f436450 GCTaskThread "GC Thread#1" [stack: 0x000000a3b8c00000,0x000000a3b8d00000] [id=19308]
  0x000001f57f436700 GCTaskThread "GC Thread#2" [stack: 0x000000a3b8d00000,0x000000a3b8e00000] [id=16516]
  0x000001f500130100 GCTaskThread "GC Thread#3" [stack: 0x000000a3b8e00000,0x000000a3b8f00000] [id=17232]
  0x000001f50092cb30 GCTaskThread "GC Thread#4" [stack: 0x000000a3b9000000,0x000000a3b9100000] [id=24772]
  0x000001f50002dc30 GCTaskThread "GC Thread#5" [stack: 0x000000a3b8f00000,0x000000a3b9000000] [id=32796]
  0x000001f500646110 GCTaskThread "GC Thread#6" [stack: 0x000000a3b9b00000,0x000000a3b9c00000] [id=12708]
  0x000001f500fdccf0 GCTaskThread "GC Thread#7" [stack: 0x000000a3b9c00000,0x000000a3b9d00000] [id=15588]
  0x000001f5008fd500 GCTaskThread "GC Thread#8" [stack: 0x000000a3b9d00000,0x000000a3b9e00000] [id=33076]
  0x000001f500e12800 GCTaskThread "GC Thread#9" [stack: 0x000000a3b9e00000,0x000000a3b9f00000] [id=17804]
  0x000001f55e9eee10 ConcurrentGCThread "G1 Main Marker" [stack: 0x000000a3b7b00000,0x000000a3b7c00000] [id=26864]
  0x000001f55e9ef730 ConcurrentGCThread "G1 Conc#0" [stack: 0x000000a3b7c00000,0x000000a3b7d00000] [id=6244]
  0x000001f500e81900 ConcurrentGCThread "G1 Conc#1" [stack: 0x000000a3b9f00000,0x000000a3ba000000] [id=31616]
  0x000001f500e813a0 ConcurrentGCThread "G1 Conc#2" [stack: 0x000000a3ba000000,0x000000a3ba100000] [id=31624]
  0x000001f57a965ce0 ConcurrentGCThread "G1 Refine#0" [stack: 0x000000a3b7d00000,0x000000a3b7e00000] [id=27920]
  0x000001f57a966610 ConcurrentGCThread "G1 Service" [stack: 0x000000a3b7e00000,0x000000a3b7f00000] [id=31228]

Threads with active compile tasks:
C2 CompilerThread0     8038 2265   !   4       java.net.URLClassLoader::findClass (47 bytes)
C2 CompilerThread1     8038 2268       4       java.net.URLClassLoader$1::run (5 bytes)

VM state: not at safepoint (normal execution)

VM Mutex/Monitor currently owned by a thread: None

Heap address: 0x0000000080000000, size: 2048 MB, Compressed Oops mode: 32-bit

CDS archive(s) not mapped
Compressed class space mapped at: 0x0000000100000000-0x0000000140000000, reserved size: 1073741824
Narrow klass base: 0x0000000000000000, Narrow klass shift: 3, Narrow klass range: 0x140000000

GC Precious Log:
 CPUs: 12 total, 12 available
 Memory: 8033M
 Large Page Support: Disabled
 NUMA Support: Disabled
 Compressed Oops: Enabled (32-bit)
 Heap Region Size: 1M
 Heap Min Capacity: 8M
 Heap Initial Capacity: 126M
 Heap Max Capacity: 2G
 Pre-touch: Disabled
 Parallel Workers: 10
 Concurrent Workers: 3
 Concurrent Refinement Workers: 10
 Periodic GC: Disabled

Heap:
 garbage-first heap   total 68608K, used 45012K [0x0000000080000000, 0x0000000100000000)
  region size 1024K, 35 young (35840K), 8 survivors (8192K)
 Metaspace       used 25335K, committed 25600K, reserved 1114112K
  class space    used 3279K, committed 3392K, reserved 1048576K

Heap Regions: E=young(eden), S=young(survivor), O=old, HS=humongous(starts), HC=humongous(continues), CS=collection set, F=free, OA=open archive, CA=closed archive, TAMS=top-at-mark-start (previous, next)
|   0|0x0000000080000000, 0x0000000080100000, 0x0000000080100000|100%|HS|  |TAMS 0x0000000080100000, 0x0000000080000000| Complete 
|   1|0x0000000080100000, 0x0000000080200000, 0x0000000080200000|100%|HC|  |TAMS 0x0000000080200000, 0x0000000080100000| Complete 
|   2|0x0000000080200000, 0x0000000080300000, 0x0000000080300000|100%|HC|  |TAMS 0x0000000080300000, 0x0000000080200000| Complete 
|   3|0x0000000080300000, 0x0000000080400000, 0x0000000080400000|100%|HC|  |TAMS 0x0000000080400000, 0x0000000080300000| Complete 
|   4|0x0000000080400000, 0x0000000080500000, 0x0000000080500000|100%| O|  |TAMS 0x0000000080500000, 0x0000000080400000| Untracked 
|   5|0x0000000080500000, 0x0000000080600000, 0x0000000080600000|100%| O|  |TAMS 0x0000000080600000, 0x0000000080500000| Untracked 
|   6|0x0000000080600000, 0x0000000080700000, 0x0000000080700000|100%| O|  |TAMS 0x0000000080700000, 0x0000000080600000| Untracked 
|   7|0x0000000080700000, 0x0000000080800000, 0x0000000080800000|100%| O|  |TAMS 0x0000000080800000, 0x0000000080700000| Untracked 
|   8|0x0000000080800000, 0x0000000080800000, 0x0000000080900000|  0%| F|  |TAMS 0x0000000080800000, 0x0000000080800000| Untracked 
|   9|0x0000000080900000, 0x0000000080a00000, 0x0000000080a00000|100%| O|  |TAMS 0x0000000080a00000, 0x0000000080900000| Untracked 
|  10|0x0000000080a00000, 0x0000000080b00000, 0x0000000080b00000|100%| O|  |TAMS 0x0000000080b00000, 0x0000000080a00000| Untracked 
|  11|0x0000000080b00000, 0x0000000080b2fc00, 0x0000000080c00000| 18%| O|  |TAMS 0x0000000080b2fc00, 0x0000000080b00000| Complete 
|  12|0x0000000080c00000, 0x0000000080c00000, 0x0000000080d00000|  0%| F|  |TAMS 0x0000000080c00000, 0x0000000080c00000| Untracked 
|  13|0x0000000080d00000, 0x0000000080d00000, 0x0000000080e00000|  0%| F|  |TAMS 0x0000000080d00000, 0x0000000080d00000| Untracked 
|  14|0x0000000080e00000, 0x0000000080e00000, 0x0000000080f00000|  0%| F|  |TAMS 0x0000000080e00000, 0x0000000080e00000| Untracked 
|  15|0x0000000080f00000, 0x0000000080f00000, 0x0000000081000000|  0%| F|  |TAMS 0x0000000080f00000, 0x0000000080f00000| Untracked 
|  16|0x0000000081000000, 0x0000000081000000, 0x0000000081100000|  0%| F|  |TAMS 0x0000000081000000, 0x0000000081000000| Untracked 
|  17|0x0000000081100000, 0x0000000081100000, 0x0000000081200000|  0%| F|  |TAMS 0x0000000081100000, 0x0000000081100000| Untracked 
|  18|0x0000000081200000, 0x0000000081200000, 0x0000000081300000|  0%| F|  |TAMS 0x0000000081200000, 0x0000000081200000| Untracked 
|  19|0x0000000081300000, 0x0000000081300000, 0x0000000081400000|  0%| F|  |TAMS 0x0000000081300000, 0x0000000081300000| Untracked 
|  20|0x0000000081400000, 0x0000000081400000, 0x0000000081500000|  0%| F|  |TAMS 0x0000000081400000, 0x0000000081400000| Untracked 
|  21|0x0000000081500000, 0x0000000081500000, 0x0000000081600000|  0%| F|  |TAMS 0x0000000081500000, 0x0000000081500000| Untracked 
|  22|0x0000000081600000, 0x0000000081600000, 0x0000000081700000|  0%| F|  |TAMS 0x0000000081600000, 0x0000000081600000| Untracked 
|  23|0x0000000081700000, 0x0000000081700000, 0x0000000081800000|  0%| F|  |TAMS 0x0000000081700000, 0x0000000081700000| Untracked 
|  24|0x0000000081800000, 0x0000000081800000, 0x0000000081900000|  0%| F|  |TAMS 0x0000000081800000, 0x0000000081800000| Untracked 
|  25|0x0000000081900000, 0x0000000081900000, 0x0000000081a00000|  0%| F|  |TAMS 0x0000000081900000, 0x0000000081900000| Untracked 
|  26|0x0000000081a00000, 0x0000000081a00000, 0x0000000081b00000|  0%| F|  |TAMS 0x0000000081a00000, 0x0000000081a00000| Untracked 
|  27|0x0000000081b00000, 0x0000000081b00000, 0x0000000081c00000|  0%| F|  |TAMS 0x0000000081b00000, 0x0000000081b00000| Untracked 
|  28|0x0000000081c00000, 0x0000000081c00000, 0x0000000081d00000|  0%| F|  |TAMS 0x0000000081c00000, 0x0000000081c00000| Untracked 
|  29|0x0000000081d00000, 0x0000000081d00000, 0x0000000081e00000|  0%| F|  |TAMS 0x0000000081d00000, 0x0000000081d00000| Untracked 
|  30|0x0000000081e00000, 0x0000000081e00000, 0x0000000081f00000|  0%| F|  |TAMS 0x0000000081e00000, 0x0000000081e00000| Untracked 
|  31|0x0000000081f00000, 0x0000000081f00000, 0x0000000082000000|  0%| F|  |TAMS 0x0000000081f00000, 0x0000000081f00000| Untracked 
|  32|0x0000000082000000, 0x00000000820a6878, 0x0000000082100000| 65%| E|  |TAMS 0x0000000082000000, 0x0000000082000000| Complete 
|  33|0x0000000082100000, 0x0000000082200000, 0x0000000082200000|100%| E|CS|TAMS 0x0000000082100000, 0x0000000082100000| Complete 
|  34|0x0000000082200000, 0x0000000082300000, 0x0000000082300000|100%| E|CS|TAMS 0x0000000082200000, 0x0000000082200000| Complete 
|  35|0x0000000082300000, 0x0000000082400000, 0x0000000082400000|100%| E|CS|TAMS 0x0000000082300000, 0x0000000082300000| Complete 
|  36|0x0000000082400000, 0x0000000082500000, 0x0000000082500000|100%| E|CS|TAMS 0x0000000082400000, 0x0000000082400000| Complete 
|  37|0x0000000082500000, 0x0000000082600000, 0x0000000082600000|100%| E|CS|TAMS 0x0000000082500000, 0x0000000082500000| Complete 
|  38|0x0000000082600000, 0x0000000082700000, 0x0000000082700000|100%| E|CS|TAMS 0x0000000082600000, 0x0000000082600000| Complete 
|  39|0x0000000082700000, 0x0000000082800000, 0x0000000082800000|100%| E|CS|TAMS 0x0000000082700000, 0x0000000082700000| Complete 
|  40|0x0000000082800000, 0x0000000082900000, 0x0000000082900000|100%| E|CS|TAMS 0x0000000082800000, 0x0000000082800000| Complete 
|  41|0x0000000082900000, 0x0000000082a00000, 0x0000000082a00000|100%| E|CS|TAMS 0x0000000082900000, 0x0000000082900000| Complete 
|  42|0x0000000082a00000, 0x0000000082b00000, 0x0000000082b00000|100%| E|CS|TAMS 0x0000000082a00000, 0x0000000082a00000| Complete 
|  43|0x0000000082b00000, 0x0000000082c00000, 0x0000000082c00000|100%| E|CS|TAMS 0x0000000082b00000, 0x0000000082b00000| Complete 
|  44|0x0000000082c00000, 0x0000000082d00000, 0x0000000082d00000|100%| E|CS|TAMS 0x0000000082c00000, 0x0000000082c00000| Complete 
|  45|0x0000000082d00000, 0x0000000082e00000, 0x0000000082e00000|100%| E|CS|TAMS 0x0000000082d00000, 0x0000000082d00000| Complete 
|  46|0x0000000082e00000, 0x0000000082f00000, 0x0000000082f00000|100%| E|CS|TAMS 0x0000000082e00000, 0x0000000082e00000| Complete 
|  47|0x0000000082f00000, 0x0000000083000000, 0x0000000083000000|100%| E|CS|TAMS 0x0000000082f00000, 0x0000000082f00000| Complete 
|  48|0x0000000083000000, 0x0000000083100000, 0x0000000083100000|100%| E|CS|TAMS 0x0000000083000000, 0x0000000083000000| Complete 
|  49|0x0000000083100000, 0x0000000083200000, 0x0000000083200000|100%| E|CS|TAMS 0x0000000083100000, 0x0000000083100000| Complete 
|  50|0x0000000083200000, 0x0000000083300000, 0x0000000083300000|100%| E|CS|TAMS 0x0000000083200000, 0x0000000083200000| Complete 
|  51|0x0000000083300000, 0x0000000083400000, 0x0000000083400000|100%| E|CS|TAMS 0x0000000083300000, 0x0000000083300000| Complete 
|  52|0x0000000083400000, 0x0000000083500000, 0x0000000083500000|100%| E|CS|TAMS 0x0000000083400000, 0x0000000083400000| Complete 
|  53|0x0000000083500000, 0x0000000083600000, 0x0000000083600000|100%| E|CS|TAMS 0x0000000083500000, 0x0000000083500000| Complete 
|  54|0x0000000083600000, 0x0000000083700000, 0x0000000083700000|100%| E|CS|TAMS 0x0000000083600000, 0x0000000083600000| Complete 
|  55|0x0000000083700000, 0x0000000083800000, 0x0000000083800000|100%| E|CS|TAMS 0x0000000083700000, 0x0000000083700000| Complete 
|  56|0x0000000083800000, 0x0000000083900000, 0x0000000083900000|100%| E|CS|TAMS 0x0000000083800000, 0x0000000083800000| Complete 
|  57|0x0000000083900000, 0x0000000083a00000, 0x0000000083a00000|100%| E|CS|TAMS 0x0000000083900000, 0x0000000083900000| Complete 
|  70|0x0000000084600000, 0x00000000846c54f0, 0x0000000084700000| 77%| S|CS|TAMS 0x0000000084600000, 0x0000000084600000| Complete 
|  71|0x0000000084700000, 0x0000000084800000, 0x0000000084800000|100%| S|CS|TAMS 0x0000000084700000, 0x0000000084700000| Complete 
|  72|0x0000000084800000, 0x0000000084900000, 0x0000000084900000|100%| S|CS|TAMS 0x0000000084800000, 0x0000000084800000| Complete 
|  73|0x0000000084900000, 0x0000000084a00000, 0x0000000084a00000|100%| S|CS|TAMS 0x0000000084900000, 0x0000000084900000| Complete 
|  74|0x0000000084a00000, 0x0000000084b00000, 0x0000000084b00000|100%| S|CS|TAMS 0x0000000084a00000, 0x0000000084a00000| Complete 
|  75|0x0000000084b00000, 0x0000000084c00000, 0x0000000084c00000|100%| S|CS|TAMS 0x0000000084b00000, 0x0000000084b00000| Complete 
|  76|0x0000000084c00000, 0x0000000084d00000, 0x0000000084d00000|100%| S|CS|TAMS 0x0000000084c00000, 0x0000000084c00000| Complete 
|  77|0x0000000084d00000, 0x0000000084e00000, 0x0000000084e00000|100%| S|CS|TAMS 0x0000000084d00000, 0x0000000084d00000| Complete 
| 125|0x0000000087d00000, 0x0000000087e00000, 0x0000000087e00000|100%| E|CS|TAMS 0x0000000087d00000, 0x0000000087d00000| Complete 

Card table byte_map: [0x000001f5736c0000,0x000001f573ac0000] _byte_map_base: 0x000001f5732c0000

Marking Bits (Prev, Next): (CMBitMap*) 0x000001f55e9ddd80, (CMBitMap*) 0x000001f55e9ddd40
 Prev Bits: [0x000001f575ec0000, 0x000001f577ec0000)
 Next Bits: [0x000001f573ec0000, 0x000001f575ec0000)

Polling page: 0x000001f55ea50000

Metaspace:

Usage:
  Non-class:     21.54 MB used.
      Class:      3.20 MB used.
       Both:     24.75 MB used.

Virtual space:
  Non-class space:       64.00 MB reserved,      21.69 MB ( 34%) committed,  1 nodes.
      Class space:        1.00 GB reserved,       3.31 MB ( <1%) committed,  1 nodes.
             Both:        1.06 GB reserved,      25.00 MB (  2%) committed. 

Chunk freelists:
   Non-Class:  9.75 MB
       Class:  12.70 MB
        Both:  22.45 MB

MaxMetaspaceSize: unlimited
CompressedClassSpaceSize: 1.00 GB
Initial GC threshold: 21.00 MB
Current GC threshold: 35.31 MB
CDS: off
MetaspaceReclaimPolicy: balanced
 - commit_granule_bytes: 65536.
 - commit_granule_words: 8192.
 - virtual_space_node_default_size: 8388608.
 - enlarge_chunks_in_place: 1.
 - new_chunks_are_fully_committed: 0.
 - uncommit_free_chunks: 1.
 - use_allocation_guard: 0.
 - handle_deallocations: 1.


Internal statistics:

num_allocs_failed_limit: 3.
num_arena_births: 206.
num_arena_deaths: 0.
num_vsnodes_births: 2.
num_vsnodes_deaths: 0.
num_space_committed: 400.
num_space_uncommitted: 0.
num_chunks_returned_to_freelist: 3.
num_chunks_taken_from_freelist: 751.
num_chunk_merges: 3.
num_chunk_splits: 511.
num_chunks_enlarged: 387.
num_inconsistent_stats: 0.

CodeHeap 'non-profiled nmethods': size=120000Kb used=1212Kb max_used=1212Kb free=118787Kb
 bounds [0x000001f56b110000, 0x000001f56b380000, 0x000001f572640000]
CodeHeap 'profiled nmethods': size=120000Kb used=4620Kb max_used=4620Kb free=115379Kb
 bounds [0x000001f563640000, 0x000001f563ad0000, 0x000001f56ab70000]
CodeHeap 'non-nmethods': size=5760Kb used=1220Kb max_used=1293Kb free=4539Kb
 bounds [0x000001f56ab70000, 0x000001f56ade0000, 0x000001f56b110000]
 total_blobs=2813 nmethods=2281 adapters=445
 compilation: enabled
              stopped_count=0, restarted_count=0
 full_count=0

Compilation events (20 events):
Event: 7.774 Thread 0x000001f57f078a60 2264       3       jdk.internal.loader.BuiltinClassLoader::loadClassOrNull (7 bytes)
Event: 7.774 Thread 0x000001f57f078a60 nmethod 2264 0x000001f563ab7310 code [0x000001f563ab74c0, 0x000001f563ab7688]
Event: 7.777 Thread 0x000001f57f06cba0 2265   !   4       java.net.URLClassLoader::findClass (47 bytes)
Event: 7.783 Thread 0x000001f57f078a60 2266       3       java.lang.Package$VersionInfo::<init> (44 bytes)
Event: 7.783 Thread 0x000001f57f078a60 nmethod 2266 0x000001f563ab7710 code [0x000001f563ab78c0, 0x000001f563ab7cb8]
Event: 7.793 Thread 0x000001f501e875d0 2267       4       java.security.CodeSource::getCertificates (98 bytes)
Event: 7.793 Thread 0x000001f501e875d0 nmethod 2267 0x000001f56b23e810 code [0x000001f56b23e980, 0x000001f56b23ea38]
Event: 7.795 Thread 0x000001f501e875d0 2268       4       java.net.URLClassLoader$1::run (5 bytes)
Event: 7.798 Thread 0x000001f57f078a60 2269       3       java.lang.reflect.Executable::getGenericParameterTypes (20 bytes)
Event: 7.799 Thread 0x000001f57f078a60 nmethod 2269 0x000001f563ab7d90 code [0x000001f563ab7fa0, 0x000001f563ab86c8]
Event: 7.814 Thread 0x000001f57f078a60 2270       3       java.lang.invoke.MethodHandles$Lookup$ClassFile::readUnsignedShort (39 bytes)
Event: 7.814 Thread 0x000001f57f078a60 nmethod 2270 0x000001f563ab8890 code [0x000001f563ab8a40, 0x000001f563ab8c48]
Event: 7.817 Thread 0x000001f57f078a60 2271       3       jdk.internal.perf.PerfCounter::getParentDelegationTime (4 bytes)
Event: 7.817 Thread 0x000001f57f078a60 nmethod 2271 0x000001f563ab8d90 code [0x000001f563ab8f20, 0x000001f563ab9018]
Event: 7.818 Thread 0x000001f57f078a60 2272       3       jdk.internal.perf.PerfCounter::addTime (6 bytes)
Event: 7.818 Thread 0x000001f57f078a60 nmethod 2272 0x000001f563ab9090 code [0x000001f563ab9220, 0x000001f563ab9368]
Event: 7.818 Thread 0x000001f57f078a60 2273       3       jdk.internal.perf.PerfCounter::getFindClassTime (4 bytes)
Event: 7.818 Thread 0x000001f57f078a60 nmethod 2273 0x000001f563ab9410 code [0x000001f563ab95a0, 0x000001f563ab9698]
Event: 7.818 Thread 0x000001f57f078a60 2274       3       jdk.internal.perf.PerfCounter::getFindClasses (4 bytes)
Event: 7.818 Thread 0x000001f57f078a60 nmethod 2274 0x000001f563ab9710 code [0x000001f563ab98a0, 0x000001f563ab9998]

GC Heap History (6 events):
Event: 3.669 GC heap before
{Heap before GC invocations=0 (full 0):
 garbage-first heap   total 129024K, used 26624K [0x0000000080000000, 0x0000000100000000)
  region size 1024K, 23 young (23552K), 0 survivors (0K)
 Metaspace       used 10475K, committed 10688K, reserved 1114112K
  class space    used 1089K, committed 1216K, reserved 1048576K
}
Event: 3.674 GC heap after
{Heap after GC invocations=1 (full 0):
 garbage-first heap   total 129024K, used 10747K [0x0000000080000000, 0x0000000100000000)
  region size 1024K, 3 young (3072K), 3 survivors (3072K)
 Metaspace       used 10475K, committed 10688K, reserved 1114112K
  class space    used 1089K, committed 1216K, reserved 1048576K
}
Event: 4.079 GC heap before
{Heap before GC invocations=1 (full 0):
 garbage-first heap   total 129024K, used 40443K [0x0000000080000000, 0x0000000100000000)
  region size 1024K, 31 young (31744K), 3 survivors (3072K)
 Metaspace       used 11462K, committed 11648K, reserved 1114112K
  class space    used 1194K, committed 1280K, reserved 1048576K
}
Event: 4.082 GC heap after
{Heap after GC invocations=2 (full 0):
 garbage-first heap   total 129024K, used 12804K [0x0000000080000000, 0x0000000100000000)
  region size 1024K, 3 young (3072K), 3 survivors (3072K)
 Metaspace       used 11462K, committed 11648K, reserved 1114112K
  class space    used 1194K, committed 1280K, reserved 1048576K
}
Event: 6.047 GC heap before
{Heap before GC invocations=2 (full 0):
 garbage-first heap   total 129024K, used 57860K [0x0000000080000000, 0x0000000100000000)
  region size 1024K, 48 young (49152K), 3 survivors (3072K)
 Metaspace       used 21306K, committed 21504K, reserved 1114112K
  class space    used 2583K, committed 2688K, reserved 1048576K
}
Event: 6.051 GC heap after
{Heap after GC invocations=3 (full 0):
 garbage-first heap   total 129024K, used 18388K [0x0000000080000000, 0x0000000100000000)
  region size 1024K, 8 young (8192K), 8 survivors (8192K)
 Metaspace       used 21306K, committed 21504K, reserved 1114112K
  class space    used 2583K, committed 2688K, reserved 1048576K
}

Dll operation events (3 events):
Event: 0.025 Loaded shared library C:\Program Files\Android\Android Studio\jbr\bin\java.dll
Event: 0.333 Loaded shared library C:\Program Files\Android\Android Studio\jbr\bin\zip.dll
Event: 1.481 Loaded shared library C:\Program Files\Android\Android Studio\jbr\bin\verify.dll

Deoptimization events (20 events):
Event: 5.537 Thread 0x000001f50178c250 DEOPT PACKING pc=0x000001f56b1c05f0 sp=0x000000a3b97fba80
Event: 5.537 Thread 0x000001f50178c250 DEOPT UNPACKING pc=0x000001f56abc69a3 sp=0x000000a3b97fb9e8 mode 2
Event: 6.697 Thread 0x000001f50178c250 Uncommon trap: trap_request=0xffffff45 fr.pc=0x000001f56b2003c4 relative=0x00000000000001a4
Event: 6.697 Thread 0x000001f50178c250 Uncommon trap: reason=unstable_if action=reinterpret pc=0x000001f56b2003c4 method=java.util.WeakHashMap.expungeStaleEntries()V @ 9 c2
Event: 6.697 Thread 0x000001f50178c250 DEOPT PACKING pc=0x000001f56b2003c4 sp=0x000000a3b97fbca0
Event: 6.697 Thread 0x000001f50178c250 DEOPT UNPACKING pc=0x000001f56abc69a3 sp=0x000000a3b97fbc38 mode 2
Event: 6.953 Thread 0x000001f50178c250 Uncommon trap: trap_request=0xffffff45 fr.pc=0x000001f56b1972fc relative=0x000000000000075c
Event: 6.953 Thread 0x000001f50178c250 Uncommon trap: reason=unstable_if action=reinterpret pc=0x000001f56b1972fc method=java.util.ArrayList.grow(I)[Ljava/lang/Object; @ 17 c2
Event: 6.953 Thread 0x000001f50178c250 DEOPT PACKING pc=0x000001f56b1972fc sp=0x000000a3b97fd1f0
Event: 6.953 Thread 0x000001f50178c250 DEOPT UNPACKING pc=0x000001f56abc69a3 sp=0x000000a3b97fd088 mode 2
Event: 6.992 Thread 0x000001f50178c250 Uncommon trap: trap_request=0xffffff45 fr.pc=0x000001f56b130c68 relative=0x0000000000000ae8
Event: 6.992 Thread 0x000001f50178c250 Uncommon trap: reason=unstable_if action=reinterpret pc=0x000001f56b130c68 method=java.io.WinNTFileSystem.resolve(Ljava/lang/String;Ljava/lang/String;)Ljava/lang/String; @ 19 c2
Event: 6.992 Thread 0x000001f50178c250 DEOPT PACKING pc=0x000001f56b130c68 sp=0x000000a3b97fd0d0
Event: 6.992 Thread 0x000001f50178c250 DEOPT UNPACKING pc=0x000001f56abc69a3 sp=0x000000a3b97fd078 mode 2
Event: 6.998 Thread 0x000001f50178c250 Uncommon trap: trap_request=0xffffff45 fr.pc=0x000001f56b1877a8 relative=0x0000000000000608
Event: 6.998 Thread 0x000001f50178c250 Uncommon trap: reason=unstable_if action=reinterpret pc=0x000001f56b1877a8 method=java.io.File.getName()Ljava/lang/String; @ 16 c2
Event: 6.998 Thread 0x000001f50178c250 DEOPT PACKING pc=0x000001f56b1877a8 sp=0x000000a3b97fd070
Event: 6.998 Thread 0x000001f50178c250 DEOPT UNPACKING pc=0x000001f56abc69a3 sp=0x000000a3b97fd040 mode 2
Event: 7.573 Thread 0x000001f50178c250 DEOPT PACKING pc=0x000001f5639dd6f1 sp=0x000000a3b97fd570
Event: 7.573 Thread 0x000001f50178c250 DEOPT UNPACKING pc=0x000001f56abc7143 sp=0x000000a3b97fca80 mode 0

Classes unloaded (0 events):
No events

Classes redefined (0 events):
No events

Internal exceptions (20 events):
Event: 4.888 Thread 0x000001f50178c250 Exception <a 'java/lang/NoSuchMethodError'{0x0000000085ad5998}: 'java.lang.Object java.lang.invoke.DirectMethodHandle$Holder.invokeVirtual(java.lang.Object, java.lang.Object, java.lang.Object)'> (0x0000000085ad5998) 
thrown [s\src\hotspot\share\interpreter\linkResolver.cpp, line 771]
Event: 5.113 Thread 0x000001f50178c250 Exception <a 'java/lang/NoSuchMethodError'{0x000000008567e560}: 'void java.lang.invoke.DirectMethodHandle$Holder.invokeStatic(java.lang.Object, java.lang.Object)'> (0x000000008567e560) 
thrown [s\src\hotspot\share\interpreter\linkResolver.cpp, line 771]
Event: 5.506 Thread 0x000001f50178c250 Exception <a 'java/lang/NoSuchMethodError'{0x0000000085428310}: 'java.lang.Object java.lang.invoke.DirectMethodHandle$Holder.newInvokeSpecial(java.lang.Object, java.lang.Object, java.lang.Object, java.lang.Object, java.lang.Object)'> (0x0000000085428310) 
thrown [s\src\hotspot\share\interpreter\linkResolver.cpp, line 771]
Event: 5.727 Thread 0x000001f50178c250 Exception <a 'java/lang/NoSuchMethodError'{0x00000000852cbeb8}: 'void java.lang.invoke.DirectMethodHandle$Holder.invokeSpecial(java.lang.Object, java.lang.Object, java.lang.Object)'> (0x00000000852cbeb8) 
thrown [s\src\hotspot\share\interpreter\linkResolver.cpp, line 771]
Event: 5.735 Thread 0x000001f50178c250 Exception <a 'java/lang/NoSuchMethodError'{0x00000000851668d0}: 'java.lang.Object java.lang.invoke.DirectMethodHandle$Holder.newInvokeSpecial(java.lang.Object, java.lang.Object, java.lang.Object, java.lang.Object, java.lang.Object, java.lang.Object)'> (0x00000000851668d0) 
thrown [s\src\hotspot\share\interpreter\linkResolver.cpp, line 771]
Event: 5.737 Thread 0x000001f50178c250 Exception <a 'java/lang/NoSuchMethodError'{0x000000008517e3d8}: 'void java.lang.invoke.DirectMethodHandle$Holder.invokeSpecial(java.lang.Object, java.lang.Object, java.lang.Object, java.lang.Object, java.lang.Object)'> (0x000000008517e3d8) 
thrown [s\src\hotspot\share\interpreter\linkResolver.cpp, line 771]
Event: 5.737 Thread 0x000001f50178c250 Exception <a 'java/lang/NoSuchMethodError'{0x0000000085192450}: 'void java.lang.invoke.DirectMethodHandle$Holder.invokeStaticInit(java.lang.Object, java.lang.Object)'> (0x0000000085192450) 
thrown [s\src\hotspot\share\interpreter\linkResolver.cpp, line 771]
Event: 6.054 Thread 0x000001f50178c250 Exception <a 'java/lang/NoSuchMethodError'{0x0000000087d2d488}: 'void java.lang.invoke.DelegatingMethodHandle$Holder.reinvoke_L(java.lang.Object, java.lang.Object, java.lang.Object, java.lang.Object, java.lang.Object, java.lang.Object, java.lang.Object, java.lang.Object, java.lang.Object, java.lang.Object)'> (0x0000000087d2d488) 
thrown [s\src\hotspot\share\interpreter\linkResolver.cpp, line 771]
Event: 6.054 Thread 0x000001f50178c250 Exception <a 'java/lang/NoSuchMethodError'{0x0000000087d35a38}: 'java.lang.Object java.lang.invoke.DirectMethodHandle$Holder.invokeSpecial(java.lang.Object, java.lang.Object, java.lang.Object, java.lang.Object, java.lang.Object, java.lang.Object, java.lang.Object, java.lang.Object, java.lang.Object, java.lang.Object)'> (0x0000000087d35a38) 
thrown [s\src\hotspot\share\interpreter\linkResolver.cpp, line 771]
Event: 6.055 Thread 0x000001f50178c250 Exception <a 'java/lang/NoSuchMethodError'{0x0000000087d3a308}: 'java.lang.Object java.lang.invoke.Invokers$Holder.invoker(java.lang.Object, java.lang.Object, java.lang.Object, java.lang.Object, java.lang.Object, java.lang.Object, java.lang.Object, java.lang.Object, java.lang.Object, java.lang.Object)'> (0x0000000087d3a308) 
thrown [s\src\hotspot\share\interpreter\linkResolver.cpp, line 771]
Event: 6.055 Thread 0x000001f50178c250 Exception <a 'java/lang/NoSuchMethodError'{0x0000000087d3ff10}: 'java.lang.Object java.lang.invoke.DirectMethodHandle$Holder.invokeSpecial(java.lang.Object, java.lang.Object, java.lang.Object, java.lang.Object, java.lang.Object, java.lang.Object, java.lang.Object, java.lang.Object, java.lang.Object, java.lang.Object, java.lang.Object)'> (0x0000000087d3ff10) 
thrown [s\src\hotspot\share\interpreter\linkResolver.cpp, line 771]
Event: 6.790 Thread 0x000001f50178c250 Exception <a 'java/lang/NoSuchMethodError'{0x000000008343a410}: 'void java.lang.invoke.DirectMethodHandle$Holder.invokeStaticInit(java.lang.Object)'> (0x000000008343a410) 
thrown [s\src\hotspot\share\interpreter\linkResolver.cpp, line 771]
Event: 6.809 Thread 0x000001f50178c250 Exception <a 'java/lang/NoSuchMethodError'{0x00000000834e8470}: 'java.lang.Object java.lang.invoke.DirectMethodHandle$Holder.newInvokeSpecial(java.lang.Object, java.lang.Object, java.lang.Object, int)'> (0x00000000834e8470) 
thrown [s\src\hotspot\share\interpreter\linkResolver.cpp, line 771]
Event: 6.809 Thread 0x000001f50178c250 Exception <a 'java/lang/NoSuchMethodError'{0x00000000834ecda0}: 'java.lang.Object java.lang.invoke.DirectMethodHandle$Holder.invokeSpecial(java.lang.Object, java.lang.Object, java.lang.Object, java.lang.Object, int)'> (0x00000000834ecda0) 
thrown [s\src\hotspot\share\interpreter\linkResolver.cpp, line 771]
Event: 6.809 Thread 0x000001f50178c250 Exception <a 'java/lang/NoSuchMethodError'{0x00000000834f0eb8}: 'java.lang.Object java.lang.invoke.Invokers$Holder.linkToTargetMethod(java.lang.Object, java.lang.Object, int, java.lang.Object)'> (0x00000000834f0eb8) 
thrown [s\src\hotspot\share\interpreter\linkResolver.cpp, line 771]
Event: 7.722 Thread 0x000001f50178c250 Exception <a 'java/lang/NoSuchMethodError'{0x00000000826f02d0}: 'int java.lang.invoke.DirectMethodHandle$Holder.invokeSpecialIFC(java.lang.Object, java.lang.Object, java.lang.Object, java.lang.Object)'> (0x00000000826f02d0) 
thrown [s\src\hotspot\share\interpreter\linkResolver.cpp, line 771]
Event: 7.724 Thread 0x000001f50178c250 Exception <a 'java/lang/NoSuchMethodError'{0x00000000826ff328}: 'java.lang.Object java.lang.invoke.DirectMethodHandle$Holder.invokeInterface(java.lang.Object, java.lang.Object, java.lang.Object)'> (0x00000000826ff328) 
thrown [s\src\hotspot\share\interpreter\linkResolver.cpp, line 771]
Event: 7.724 Thread 0x000001f50178c250 Exception <a 'java/lang/IncompatibleClassChangeError'{0x00000000825036a0}: Found class java.lang.Object, but interface was expected> (0x00000000825036a0) 
thrown [s\src\hotspot\share\interpreter\linkResolver.cpp, line 838]
Event: 7.773 Thread 0x000001f50178c250 Exception <a 'java/lang/NoSuchMethodError'{0x00000000825fa5d0}: 'int java.lang.invoke.DirectMethodHandle$Holder.invokeStatic(java.lang.Object, java.lang.Object, java.lang.Object, java.lang.Object)'> (0x00000000825fa5d0) 
thrown [s\src\hotspot\share\interpreter\linkResolver.cpp, line 771]
Event: 7.773 Thread 0x000001f50178c250 Exception <a 'java/lang/NoSuchMethodError'{0x00000000825fe490}: 'java.lang.Object java.lang.invoke.Invokers$Holder.invokeExact_MT(java.lang.Object, java.lang.Object, java.lang.Object, java.lang.Object, java.lang.Object, java.lang.Object)'> (0x00000000825fe490) 
thrown [s\src\hotspot\share\interpreter\linkResolver.cpp, line 771]

VM Operations (20 events):
Event: 4.714 Executing VM operation: HandshakeAllThreads
Event: 4.714 Executing VM operation: HandshakeAllThreads done
Event: 4.775 Executing VM operation: HandshakeAllThreads
Event: 4.775 Executing VM operation: HandshakeAllThreads done
Event: 5.780 Executing VM operation: Cleanup
Event: 5.780 Executing VM operation: Cleanup done
Event: 5.975 Executing VM operation: HandshakeAllThreads
Event: 5.975 Executing VM operation: HandshakeAllThreads done
Event: 6.047 Executing VM operation: CollectForMetadataAllocation
Event: 6.051 Executing VM operation: CollectForMetadataAllocation done
Event: 6.088 Executing VM operation: G1Concurrent
Event: 6.124 Executing VM operation: G1Concurrent done
Event: 6.125 Executing VM operation: G1Concurrent
Event: 6.127 Executing VM operation: G1Concurrent done
Event: 7.128 Executing VM operation: Cleanup
Event: 7.128 Executing VM operation: Cleanup done
Event: 7.149 Executing VM operation: HandshakeAllThreads
Event: 7.149 Executing VM operation: HandshakeAllThreads done
Event: 7.149 Executing VM operation: HandshakeAllThreads
Event: 7.149 Executing VM operation: HandshakeAllThreads done

Events (20 events):
Event: 7.718 loading class java/util/concurrent/Semaphore
Event: 7.719 loading class java/util/concurrent/Semaphore done
Event: 7.721 loading class java/nio/file/FileVisitOption
Event: 7.721 loading class java/nio/file/FileVisitOption done
Event: 7.724 loading class java/util/stream/ReduceOps$1
Event: 7.724 loading class java/util/stream/ReduceOps$1 done
Event: 7.724 loading class java/util/stream/ReduceOps$1ReducingSink
Event: 7.732 loading class java/util/stream/ReduceOps$1ReducingSink done
Event: 7.736 loading class java/util/regex/Pattern$Dollar
Event: 7.736 loading class java/util/regex/Pattern$Dollar done
Event: 7.752 loading class java/io/ObjectInputStream
Event: 7.763 loading class java/io/ObjectInput
Event: 7.763 loading class java/io/ObjectInput done
Event: 7.763 loading class java/io/ObjectStreamConstants
Event: 7.763 loading class java/io/ObjectStreamConstants done
Event: 7.763 loading class java/io/ObjectInputStream done
Event: 7.763 loading class java/io/ObjectOutputStream
Event: 7.764 loading class java/io/ObjectOutput
Event: 7.764 loading class java/io/ObjectOutput done
Event: 7.764 loading class java/io/ObjectOutputStream done


Dynamic libraries:
0x00007ff7a3110000 - 0x00007ff7a311a000 	C:\Program Files\Android\Android Studio\jbr\bin\java.exe
0x00007fffdbd50000 - 0x00007fffdbf48000 	C:\Windows\SYSTEM32\ntdll.dll
0x00007fffda010000 - 0x00007fffda0cd000 	C:\Windows\System32\KERNEL32.DLL
0x00007fffd95c0000 - 0x00007fffd98b6000 	C:\Windows\System32\KERNELBASE.dll
0x00007fffd9420000 - 0x00007fffd9520000 	C:\Windows\System32\ucrtbase.dll
0x00007fffb2ee0000 - 0x00007fffb2efb000 	C:\Program Files\Android\Android Studio\jbr\bin\VCRUNTIME140.dll
0x00007fffb8120000 - 0x00007fffb8137000 	C:\Program Files\Android\Android Studio\jbr\bin\jli.dll
0x00007fffdac30000 - 0x00007fffdadce000 	C:\Windows\System32\USER32.dll
0x00007fffbb560000 - 0x00007fffbb7fa000 	C:\Windows\WinSxS\amd64_microsoft.windows.common-controls_6595b64144ccf1df_6.0.19041.3636_none_60b6a03d71f818d5\COMCTL32.dll
0x00007fffd9cf0000 - 0x00007fffd9d12000 	C:\Windows\System32\win32u.dll
0x00007fffdaab0000 - 0x00007fffdab4e000 	C:\Windows\System32\msvcrt.dll
0x00007fffd9fd0000 - 0x00007fffd9ffc000 	C:\Windows\System32\GDI32.dll
0x00007fffd9bd0000 - 0x00007fffd9cea000 	C:\Windows\System32\gdi32full.dll
0x00007fffd9520000 - 0x00007fffd95bd000 	C:\Windows\System32\msvcp_win.dll
0x00007fffdb010000 - 0x00007fffdb040000 	C:\Windows\System32\IMM32.DLL
0x00007fffc8dc0000 - 0x00007fffc8dcc000 	C:\Program Files\Android\Android Studio\jbr\bin\vcruntime140_1.dll
0x00007fff99440000 - 0x00007fff994cd000 	C:\Program Files\Android\Android Studio\jbr\bin\msvcp140.dll
0x00007fff54610000 - 0x00007fff55290000 	C:\Program Files\Android\Android Studio\jbr\bin\server\jvm.dll
0x00007fffda8e0000 - 0x00007fffda993000 	C:\Windows\System32\ADVAPI32.dll
0x00007fffdaf10000 - 0x00007fffdafaf000 	C:\Windows\System32\sechost.dll
0x00007fffdbbe0000 - 0x00007fffdbd06000 	C:\Windows\System32\RPCRT4.dll
0x00007fffd9d70000 - 0x00007fffd9d97000 	C:\Windows\System32\bcrypt.dll
0x00007fffba460000 - 0x00007fffba487000 	C:\Windows\SYSTEM32\WINMM.dll
0x00007fffd2cf0000 - 0x00007fffd2cfa000 	C:\Windows\SYSTEM32\VERSION.dll
0x00007fffbba10000 - 0x00007fffbba19000 	C:\Windows\SYSTEM32\WSOCK32.dll
0x00007fffdadd0000 - 0x00007fffdae3b000 	C:\Windows\System32\WS2_32.dll
0x00007fffd7c60000 - 0x00007fffd7c72000 	C:\Windows\SYSTEM32\kernel.appcore.dll
0x00007fffd4ea0000 - 0x00007fffd4eaa000 	C:\Program Files\Android\Android Studio\jbr\bin\jimage.dll
0x00007fffd7080000 - 0x00007fffd7264000 	C:\Windows\SYSTEM32\DBGHELP.DLL
0x00007fffc9b50000 - 0x00007fffc9b84000 	C:\Windows\SYSTEM32\dbgcore.DLL
0x00007fffd9b40000 - 0x00007fffd9bc2000 	C:\Windows\System32\bcryptPrimitives.dll
0x00007fffd1d70000 - 0x00007fffd1d7e000 	C:\Program Files\Android\Android Studio\jbr\bin\instrument.dll
0x00007fffd1a10000 - 0x00007fffd1a35000 	C:\Program Files\Android\Android Studio\jbr\bin\java.dll
0x00007fffd19b0000 - 0x00007fffd19c8000 	C:\Program Files\Android\Android Studio\jbr\bin\zip.dll
0x00007fffda190000 - 0x00007fffda8d5000 	C:\Windows\System32\SHELL32.dll
0x00007fffd74b0000 - 0x00007fffd7c4b000 	C:\Windows\SYSTEM32\windows.storage.dll
0x00007fffdb750000 - 0x00007fffdbaa4000 	C:\Windows\System32\combase.dll
0x00007fffd8e50000 - 0x00007fffd8e7d000 	C:\Windows\SYSTEM32\Wldp.dll
0x00007fffdaa00000 - 0x00007fffdaaad000 	C:\Windows\System32\SHCORE.dll
0x00007fffdaeb0000 - 0x00007fffdaf05000 	C:\Windows\System32\shlwapi.dll
0x00007fffd9350000 - 0x00007fffd9375000 	C:\Windows\SYSTEM32\profapi.dll
0x00007fffd1990000 - 0x00007fffd19a9000 	C:\Program Files\Android\Android Studio\jbr\bin\net.dll
0x00007fffd0fa0000 - 0x00007fffd10aa000 	C:\Windows\SYSTEM32\WINHTTP.dll
0x00007fffd8bb0000 - 0x00007fffd8c1a000 	C:\Windows\system32\mswsock.dll
0x00007fffc87e0000 - 0x00007fffc87f6000 	C:\Program Files\Android\Android Studio\jbr\bin\nio.dll
0x00007fffd3e80000 - 0x00007fffd3e90000 	C:\Program Files\Android\Android Studio\jbr\bin\verify.dll
0x00007fffb64f0000 - 0x00007fffb6517000 	C:\Users\berna\.gradle\native\68d5fa5c4cc2d200863cafc0d521ce42e7d3e7ee720ec0a83991735586a16f82\windows-amd64\native-platform.dll
0x00007fff95760000 - 0x00007fff958a4000 	C:\Users\berna\.gradle\native\e376f236ea51e6404a007f0833ffe2c6e607c4080706a723a18a27aeea778392\windows-amd64\native-platform-file-events.dll
0x00007fffd3c50000 - 0x00007fffd3c59000 	C:\Program Files\Android\Android Studio\jbr\bin\management.dll
0x00007fffd3020000 - 0x00007fffd302b000 	C:\Program Files\Android\Android Studio\jbr\bin\management_ext.dll
0x00007fffda000000 - 0x00007fffda008000 	C:\Windows\System32\PSAPI.DLL
0x00007fffd8da0000 - 0x00007fffd8db8000 	C:\Windows\SYSTEM32\CRYPTSP.dll
0x00007fffd8470000 - 0x00007fffd84a4000 	C:\Windows\system32\rsaenh.dll
0x00007fffd92d0000 - 0x00007fffd92fe000 	C:\Windows\SYSTEM32\USERENV.dll
0x00007fffd8dc0000 - 0x00007fffd8dcc000 	C:\Windows\SYSTEM32\CRYPTBASE.dll
0x00007fffd8850000 - 0x00007fffd888b000 	C:\Windows\SYSTEM32\IPHLPAPI.DLL
0x00007fffda0f0000 - 0x00007fffda0f8000 	C:\Windows\System32\NSI.dll
0x00007fffd20d0000 - 0x00007fffd20e7000 	C:\Windows\SYSTEM32\dhcpcsvc6.DLL
0x00007fffd2e30000 - 0x00007fffd2e4d000 	C:\Windows\SYSTEM32\dhcpcsvc.DLL
0x00007fffd88a0000 - 0x00007fffd896a000 	C:\Windows\SYSTEM32\DNSAPI.dll
0x00007fffb0c80000 - 0x00007fffb0c87000 	C:\Windows\system32\wshunix.dll

dbghelp: loaded successfully - version: 4.0.5 - missing functions: none
symbol engine: initialized successfully - sym options: 0x614 - pdb path: .;C:\Program Files\Android\Android Studio\jbr\bin;C:\Windows\SYSTEM32;C:\Windows\WinSxS\amd64_microsoft.windows.common-controls_6595b64144ccf1df_6.0.19041.3636_none_60b6a03d71f818d5;C:\Program Files\Android\Android Studio\jbr\bin\server;C:\Users\berna\.gradle\native\68d5fa5c4cc2d200863cafc0d521ce42e7d3e7ee720ec0a83991735586a16f82\windows-amd64;C:\Users\berna\.gradle\native\e376f236ea51e6404a007f0833ffe2c6e607c4080706a723a18a27aeea778392\windows-amd64

VM Arguments:
jvm_args: --add-opens=java.base/java.util=ALL-UNNAMED --add-opens=java.base/java.lang=ALL-UNNAMED --add-opens=java.base/java.lang.invoke=ALL-UNNAMED --add-opens=java.prefs/java.util.prefs=ALL-UNNAMED --add-opens=java.base/java.nio.charset=ALL-UNNAMED --add-opens=java.base/java.net=ALL-UNNAMED --add-opens=java.base/java.util.concurrent.atomic=ALL-UNNAMED -Xmx2048m -Dfile.encoding=UTF-8 -Duser.country=CA -Duser.language=en -Duser.variant -javaagent:C:\Users\berna\.gradle\wrapper\dists\gradle-8.2-bin\bbg7u40eoinfdyxsxr3z4i7ta\gradle-8.2\lib\agents\gradle-instrumentation-agent-8.2.jar 
java_command: org.gradle.launcher.daemon.bootstrap.GradleDaemon 8.2
java_class_path (initial): C:\Users\berna\.gradle\wrapper\dists\gradle-8.2-bin\bbg7u40eoinfdyxsxr3z4i7ta\gradle-8.2\lib\gradle-launcher-8.2.jar
Launcher Type: SUN_STANDARD

[Global flags]
     intx CICompilerCount                          = 4                                         {product} {ergonomic}
     uint ConcGCThreads                            = 3                                         {product} {ergonomic}
     uint G1ConcRefinementThreads                  = 10                                        {product} {ergonomic}
   size_t G1HeapRegionSize                         = 1048576                                   {product} {ergonomic}
    uintx GCDrainStackTargetSize                   = 64                                        {product} {ergonomic}
   size_t InitialHeapSize                          = 132120576                                 {product} {ergonomic}
   size_t MarkStackSize                            = 4194304                                   {product} {ergonomic}
   size_t MaxHeapSize                              = 2147483648                                {product} {command line}
   size_t MaxNewSize                               = 1287651328                                {product} {ergonomic}
   size_t MinHeapDeltaBytes                        = 1048576                                   {product} {ergonomic}
   size_t MinHeapSize                              = 8388608                                   {product} {ergonomic}
    uintx NonNMethodCodeHeapSize                   = 5839372                                {pd product} {ergonomic}
    uintx NonProfiledCodeHeapSize                  = 122909434                              {pd product} {ergonomic}
    uintx ProfiledCodeHeapSize                     = 122909434                              {pd product} {ergonomic}
    uintx ReservedCodeCacheSize                    = 251658240                              {pd product} {ergonomic}
     bool SegmentedCodeCache                       = true                                      {product} {ergonomic}
   size_t SoftMaxHeapSize                          = 2147483648                             {manageable} {ergonomic}
     bool UseCompressedClassPointers               = true                           {product lp64_product} {ergonomic}
     bool UseCompressedOops                        = true                           {product lp64_product} {ergonomic}
     bool UseG1GC                                  = true                                      {product} {ergonomic}
     bool UseLargePagesIndividualAllocation        = false                                  {pd product} {ergonomic}

Logging:
Log output configuration:
 #0: stdout all=warning uptime,level,tags
 #1: stderr all=off uptime,level,tags

Environment Variables:
PATH=C:\Windows\system32;C:\Windows;C:\Windows\System32\Wbem;C:\Windows\System32\WindowsPowerShell\v1.0\;C:\Windows\System32\OpenSSH\;C:\Program Files\Git\cmd;C:\Users\berna\AppData\Local\Microsoft\WindowsApps;C:\Users\berna\AppData\Local\GitHubDesktop\bin
USERNAME=berna
OS=Windows_NT
PROCESSOR_IDENTIFIER=Intel64 Family 6 Model 158 Stepping 13, GenuineIntel
TMP=C:\Users\berna\AppData\Local\Temp
TEMP=C:\Users\berna\AppData\Local\Temp


JNI global refs:
JNI global refs: 23, weak refs: 0

JNI global refs memory usage: 843, weak refs: 841

OOME stack traces (most recent first):
Classloader memory used:
Loader bootstrap                                                                       : 1824K
Loader org.gradle.internal.classloader.VisitableURLClassLoader                         : 1172K
Loader org.gradle.initialization.MixInLegacyTypesClassLoader                           : 127K
Loader jdk.internal.loader.ClassLoaders$AppClassLoader                                 : 28352B
Loader jdk.internal.loader.ClassLoaders$PlatformClassLoader                            : 16298B
Loader jdk.internal.reflect.DelegatingClassLoader                                      : 2231B

Classes loaded by more than one classloader:
Class org.gradle.internal.installation.GradleInstallation                             : loaded 2 times (x 73B)
Class org.gradle.internal.classpath.ClassPath                                         : loaded 2 times (x 68B)
Class org.gradle.api.internal.classpath.DefaultModuleRegistry                         : loaded 2 times (x 84B)
Class org.gradle.api.Action                                                           : loaded 2 times (x 68B)
Class org.gradle.api.internal.DefaultClassPathProvider                                : loaded 2 times (x 74B)
Class org.gradle.internal.installation.GradleInstallation$1                           : loaded 2 times (x 73B)
Class org.gradle.internal.classloader.FilteringClassLoader                            : loaded 2 times (x 102B)
Class org.gradle.internal.classpath.DefaultClassPath$ImmutableUniqueList$Builder      : loaded 2 times (x 73B)
Class org.gradle.internal.classloader.ClassLoaderVisitor                              : loaded 2 times (x 74B)
Class org.gradle.internal.service.DefaultServiceLocator                               : loaded 2 times (x 81B)
Class org.gradle.internal.service.UnknownServiceException                             : loaded 2 times (x 81B)
Class org.gradle.internal.classloader.VisitableURLClassLoader$Spec                    : loaded 2 times (x 72B)
Class org.gradle.api.GradleException                                                  : loaded 2 times (x 80B)
Class org.gradle.api.internal.classpath.ModuleRegistry                                : loaded 2 times (x 68B)
Class org.gradle.api.internal.ClassPathProvider                                       : loaded 2 times (x 68B)
Class org.gradle.internal.classloader.ClasspathUtil$1                                 : loaded 2 times (x 74B)
Class org.gradle.internal.classloader.ClassLoaderFactory                              : loaded 2 times (x 68B)
Class org.gradle.api.internal.classpath.ManifestUtil                                  : loaded 2 times (x 69B)
Class org.gradle.api.specs.Spec                                                       : loaded 2 times (x 68B)
Class org.gradle.internal.IoActions                                                   : loaded 2 times (x 69B)
Class org.gradle.api.internal.classpath.EffectiveClassPath                            : loaded 2 times (x 88B)
Class org.gradle.internal.installation.CurrentGradleInstallation                      : loaded 2 times (x 71B)
Class org.gradle.internal.agents.InstrumentingClassLoader                             : loaded 2 times (x 68B)
Class org.gradle.internal.installation.CurrentGradleInstallationLocator               : loaded 2 times (x 69B)
Class org.gradle.api.internal.classpath.Module                                        : loaded 2 times (x 68B)
Class org.gradle.internal.service.CachingServiceLocator                               : loaded 2 times (x 80B)
Class org.gradle.internal.classpath.DefaultClassPath                                  : loaded 2 times (x 88B)
Class org.gradle.internal.classloader.SystemClassLoaderSpec                           : loaded 2 times (x 69B)
Class org.gradle.api.UncheckedIOException                                             : loaded 2 times (x 80B)
Class org.gradle.internal.classloader.ClasspathUtil                                   : loaded 2 times (x 69B)
Class org.gradle.api.internal.DefaultClassPathRegistry                                : loaded 2 times (x 74B)
Class org.gradle.api.internal.classpath.DefaultModuleRegistry$DefaultModule           : loaded 2 times (x 84B)
Class org.gradle.api.internal.classpath.UnknownModuleException                        : loaded 2 times (x 80B)
Class org.gradle.internal.service.ServiceLookupException                              : loaded 2 times (x 80B)
Class org.gradle.cache.GlobalCache                                                    : loaded 2 times (x 68B)
Class [Lorg.gradle.api.internal.ClassPathProvider;                                    : loaded 2 times (x 67B)
Class org.gradle.util.internal.GUtil                                                  : loaded 2 times (x 69B)
Class org.gradle.internal.classloader.ClassLoaderSpec                                 : loaded 2 times (x 69B)
Class org.gradle.internal.classloader.VisitableURLClassLoader                         : loaded 2 times (x 114B)
Class org.gradle.internal.Cast                                                        : loaded 2 times (x 69B)
Class org.gradle.api.internal.ClassPathRegistry                                       : loaded 2 times (x 68B)
Class org.gradle.internal.classloader.VisitableURLClassLoader$InstrumentingVisitableURLClassLoader: loaded 2 times (x 120B)
Class org.gradle.internal.classloader.ClassLoaderHierarchy                            : loaded 2 times (x 68B)
Class org.gradle.internal.InternalTransformer                                         : loaded 2 times (x 68B)
Class org.gradle.internal.service.ServiceLocator                                      : loaded 2 times (x 68B)
Class org.gradle.internal.classpath.DefaultClassPath$ImmutableUniqueList              : loaded 2 times (x 159B)
Class org.gradle.internal.classpath.TransformedClassPath                              : loaded 2 times (x 94B)


---------------  S Y S T E M  ---------------

OS:
 Windows 10 , 64 bit Build 19041 (10.0.19041.3636)
OS uptime: 6 days 21:40 hours

CPU: total 12 (initial active 12) (6 cores per cpu, 2 threads per core) family 6 model 158 stepping 13 microcode 0xde, cx8, cmov, fxsr, ht, mmx, 3dnowpref, sse, sse2, sse3, ssse3, sse4.1, sse4.2, popcnt, lzcnt, tsc, tscinvbit, avx, avx2, aes, erms, clmul, bmi1, bmi2, adx, fma, vzeroupper, clflush, clflushopt

Memory: 4k page, system-wide physical 8033M (573M free)
TotalPageFile size 32609M (AvailPageFile size 70M)
current process WorkingSet (physical memory assigned to process): 153M, peak: 153M
current process commit charge ("private bytes"): 216M, peak: 266M

vm_info: OpenJDK 64-Bit Server VM (17.0.7+0-b2043.56-10550314) for windows-amd64 JRE (17.0.7+0-b2043.56-10550314), built on Jul 24 2023 18:27:45 by "androidbuild" with MS VC++ 16.10 / 16.11 (VS2019)

END.
