#
# There is insufficient memory for the Java Runtime Environment to continue.
# Native memory allocation (malloc) failed to allocate 2206416 bytes for Chunk::new
# Possible reasons:
#   The system is out of physical RAM or swap space
#   The process is running with CompressedOops enabled, and the Java Heap may be blocking the growth of the native heap
# Possible solutions:
#   Reduce memory load on the system
#   Increase physical memory or swap space
#   Check if swap backing store is full
#   Decrease Java heap size (-Xmx/-Xms)
#   Decrease number of Java threads
#   Decrease Java thread stack sizes (-Xss)
#   Set larger code cache with -XX:ReservedCodeCacheSize=
#   JVM is running with Unscaled Compressed Oops mode in which the Java heap is
#     placed in the first 4GB address space. The Java Heap base address is the
#     maximum limit for the native heap growth. Please use -XX:HeapBaseMinAddress
#     to set the Java Heap base and to place the Java Heap above 4GB virtual address.
# This output file may be truncated or incomplete.
#
#  Out of Memory Error (arena.cpp:189), pid=6660, tid=10492
#
# JRE version: OpenJDK Runtime Environment (17.0.7) (build 17.0.7+0-b2043.56-10550314)
# Java VM: OpenJDK 64-Bit Server VM (17.0.7+0-b2043.56-10550314, mixed mode, tiered, compressed oops, compressed class ptrs, g1 gc, windows-amd64)
# No core dump will be written. Minidumps are not enabled by default on client versions of Windows
#

---------------  S U M M A R Y ------------

Command Line: --add-opens=java.base/java.util=ALL-UNNAMED --add-opens=java.base/java.lang=ALL-UNNAMED --add-opens=java.base/java.lang.invoke=ALL-UNNAMED --add-opens=java.prefs/java.util.prefs=ALL-UNNAMED --add-opens=java.base/java.nio.charset=ALL-UNNAMED --add-opens=java.base/java.net=ALL-UNNAMED --add-opens=java.base/java.util.concurrent.atomic=ALL-UNNAMED -Xmx2048m -Dfile.encoding=UTF-8 -Duser.country=CA -Duser.language=en -Duser.variant -javaagent:C:\Users\berna\.gradle\wrapper\dists\gradle-8.2-bin\bbg7u40eoinfdyxsxr3z4i7ta\gradle-8.2\lib\agents\gradle-instrumentation-agent-8.2.jar org.gradle.launcher.daemon.bootstrap.GradleDaemon 8.2

Host: Intel(R) Core(TM) i7-9750H CPU @ 2.60GHz, 12 cores, 7G,  Windows 10 , 64 bit Build 19041 (10.0.19041.3636)
Time: Sat Mar  9 15:14:05 2024 Eastern Standard Time elapsed time: 10.942659 seconds (0d 0h 0m 10s)

---------------  T H R E A D  ---------------

Current thread (0x000001e9fcfbe4c0):  JavaThread "C2 CompilerThread1" daemon [_thread_in_native, id=10492, stack(0x000000d5d5900000,0x000000d5d5a00000)]


Current CompileTask:
C2:  10942 6547   !   4       com.google.common.reflect.TypeVisitor::visit (244 bytes)

Stack: [0x000000d5d5900000,0x000000d5d5a00000]
Native frames: (J=compiled Java code, j=interpreted, Vv=VM code, C=native code)
V  [jvm.dll+0x683bfa]
V  [jvm.dll+0x8430a4]
V  [jvm.dll+0x8449be]
V  [jvm.dll+0x845023]
V  [jvm.dll+0x24ad2f]
V  [jvm.dll+0xac25c]
V  [jvm.dll+0xac82c]
V  [jvm.dll+0x36a132]
V  [jvm.dll+0x334821]
V  [jvm.dll+0x333cca]
V  [jvm.dll+0x21d251]
V  [jvm.dll+0x21c671]
V  [jvm.dll+0x1a605d]
V  [jvm.dll+0x22c148]
V  [jvm.dll+0x22a209]
V  [jvm.dll+0x7f858c]
V  [jvm.dll+0x7f2aea]
V  [jvm.dll+0x682a35]
C  [ucrtbase.dll+0x21bb2]
C  [KERNEL32.DLL+0x17344]
C  [ntdll.dll+0x526b1]


---------------  P R O C E S S  ---------------

Threads class SMR info:
_java_thread_list=0x000001e98739e280, length=61, elements={
0x000001e9e29df5a0, 0x000001e9fcc90060, 0x000001e9fcc920a0, 0x000001e9fccb85a0,
0x000001e9fccb9060, 0x000001e9fccbb930, 0x000001e9fccbca10, 0x000001e9fccbda10,
0x000001e9fccbe3c0, 0x000001e9fce2dd70, 0x000001e9fcf57030, 0x000001e9fd0f0450,
0x000001e9fee78970, 0x000001e9fee7aff0, 0x000001e9fee78e40, 0x000001e9fee7a650,
0x000001e9fee79310, 0x000001e9fee7b990, 0x000001e9fee7b4c0, 0x000001e9fee784a0,
0x000001e9fee7be60, 0x000001e9fee797e0, 0x000001e9fee79cb0, 0x000001e9fee7a180,
0x000001e9fee7ab20, 0x000001e984dd5cc0, 0x000001e984dd6190, 0x000001e984dda020,
0x000001e984dd6b30, 0x000001e984dd6660, 0x000001e984dd7000, 0x000001e984dd44b0,
0x000001e984dd9b50, 0x000001e984dd3fe0, 0x000001e984dd27d0, 0x000001e984dd4e50,
0x000001e984dd3640, 0x000001e984dd79a0, 0x000001e984dd8340, 0x000001e984dd2ca0,
0x000001e984dd3170, 0x000001e984dd8ce0, 0x000001e984dd3b10, 0x000001e984dd5320,
0x000001e9fcfbe4c0, 0x000001e9870cd430, 0x000001e9870d0920, 0x000001e9870cddd0,
0x000001e9870d2600, 0x000001e9870cfab0, 0x000001e9870d2ad0, 0x000001e9870cd900,
0x000001e9870d12c0, 0x000001e9870d0450, 0x000001e9870cca90, 0x000001e9870ce2a0,
0x000001e9870d2130, 0x000001e9870ce770, 0x000001e9870d3470, 0x000001e9870d2fa0,
0x000001e9870d0df0
}

Java Threads: ( => current thread )
  0x000001e9e29df5a0 JavaThread "main" [_thread_blocked, id=20904, stack(0x000000d5d1a00000,0x000000d5d1b00000)]
  0x000001e9fcc90060 JavaThread "Reference Handler" daemon [_thread_blocked, id=22452, stack(0x000000d5d2100000,0x000000d5d2200000)]
  0x000001e9fcc920a0 JavaThread "Finalizer" daemon [_thread_blocked, id=31308, stack(0x000000d5d2200000,0x000000d5d2300000)]
  0x000001e9fccb85a0 JavaThread "Signal Dispatcher" daemon [_thread_blocked, id=28236, stack(0x000000d5d2300000,0x000000d5d2400000)]
  0x000001e9fccb9060 JavaThread "Attach Listener" daemon [_thread_blocked, id=32748, stack(0x000000d5d2400000,0x000000d5d2500000)]
  0x000001e9fccbb930 JavaThread "Service Thread" daemon [_thread_blocked, id=9768, stack(0x000000d5d2500000,0x000000d5d2600000)]
  0x000001e9fccbca10 JavaThread "Monitor Deflation Thread" daemon [_thread_blocked, id=24240, stack(0x000000d5d2600000,0x000000d5d2700000)]
  0x000001e9fccbda10 JavaThread "C2 CompilerThread0" daemon [_thread_in_native, id=18952, stack(0x000000d5d2700000,0x000000d5d2800000)]
  0x000001e9fccbe3c0 JavaThread "C1 CompilerThread0" daemon [_thread_blocked, id=20308, stack(0x000000d5d2800000,0x000000d5d2900000)]
  0x000001e9fce2dd70 JavaThread "Sweeper thread" daemon [_thread_blocked, id=27488, stack(0x000000d5d2900000,0x000000d5d2a00000)]
  0x000001e9fcf57030 JavaThread "Common-Cleaner" daemon [_thread_blocked, id=16068, stack(0x000000d5d2a00000,0x000000d5d2b00000)]
  0x000001e9fd0f0450 JavaThread "Notification Thread" daemon [_thread_blocked, id=25664, stack(0x000000d5d2b00000,0x000000d5d2c00000)]
  0x000001e9fee78970 JavaThread "Daemon health stats" [_thread_blocked, id=31920, stack(0x000000d5d3300000,0x000000d5d3400000)]
  0x000001e9fee7aff0 JavaThread "Incoming local TCP Connector on port 61906" [_thread_in_native, id=16692, stack(0x000000d5d3400000,0x000000d5d3500000)]
  0x000001e9fee78e40 JavaThread "Daemon periodic checks" [_thread_blocked, id=4048, stack(0x000000d5d3500000,0x000000d5d3600000)]
  0x000001e9fee7a650 JavaThread "Daemon" [_thread_blocked, id=1852, stack(0x000000d5d3600000,0x000000d5d3700000)]
  0x000001e9fee79310 JavaThread "Handler for socket connection from /127.0.0.1:61906 to /127.0.0.1:61907" [_thread_in_native, id=29956, stack(0x000000d5d3700000,0x000000d5d3800000)]
  0x000001e9fee7b990 JavaThread "Cancel handler" [_thread_blocked, id=5960, stack(0x000000d5d3800000,0x000000d5d3900000)]
  0x000001e9fee7b4c0 JavaThread "Daemon worker" [_thread_in_vm, id=29200, stack(0x000000d5d3900000,0x000000d5d3a00000)]
  0x000001e9fee784a0 JavaThread "Asynchronous log dispatcher for DefaultDaemonConnection: socket connection from /127.0.0.1:61906 to /127.0.0.1:61907" [_thread_blocked, id=20276, stack(0x000000d5d3a00000,0x000000d5d3b00000)]
  0x000001e9fee7be60 JavaThread "Stdin handler" [_thread_blocked, id=32028, stack(0x000000d5d3b00000,0x000000d5d3c00000)]
  0x000001e9fee797e0 JavaThread "Daemon client event forwarder" [_thread_blocked, id=17712, stack(0x000000d5d3c00000,0x000000d5d3d00000)]
  0x000001e9fee79cb0 JavaThread "Cache worker for journal cache (C:\Users\berna\.gradle\caches\journal-1)" [_thread_blocked, id=11640, stack(0x000000d5d4400000,0x000000d5d4500000)]
  0x000001e9fee7a180 JavaThread "File lock request listener" [_thread_in_native, id=26412, stack(0x000000d5d4500000,0x000000d5d4600000)]
  0x000001e9fee7ab20 JavaThread "Cache worker for file hash cache (C:\Users\berna\.gradle\caches\8.2\fileHashes)" [_thread_blocked, id=11720, stack(0x000000d5d4600000,0x000000d5d4700000)]
  0x000001e984dd5cc0 JavaThread "File watcher server" daemon [_thread_in_native, id=30012, stack(0x000000d5d4700000,0x000000d5d4800000)]
  0x000001e984dd6190 JavaThread "File watcher consumer" daemon [_thread_blocked, id=10312, stack(0x000000d5d4800000,0x000000d5d4900000)]
  0x000001e984dda020 JavaThread "Cache worker for checksums cache (C:\Users\berna\AndroidStudioProjects\WorldCup\.gradle\8.2\checksums)" [_thread_blocked, id=11932, stack(0x000000d5d4900000,0x000000d5d4a00000)]
  0x000001e984dd6b30 JavaThread "Cache worker for cache directory md-rule (C:\Users\berna\.gradle\caches\8.2\md-rule)" [_thread_blocked, id=17372, stack(0x000000d5d4a00000,0x000000d5d4b00000)]
  0x000001e984dd6660 JavaThread "Cache worker for file content cache (C:\Users\berna\.gradle\caches\8.2\fileContent)" [_thread_blocked, id=23788, stack(0x000000d5d4b00000,0x000000d5d4c00000)]
  0x000001e984dd7000 JavaThread "Cache worker for file hash cache (C:\Users\berna\AndroidStudioProjects\WorldCup\.gradle\8.2\fileHashes)" [_thread_blocked, id=8948, stack(0x000000d5d4c00000,0x000000d5d4d00000)]
  0x000001e984dd44b0 JavaThread "Cache worker for cache directory md-supplier (C:\Users\berna\.gradle\caches\8.2\md-supplier)" [_thread_blocked, id=24532, stack(0x000000d5d4d00000,0x000000d5d4e00000)]
  0x000001e984dd9b50 JavaThread "Cache worker for execution history cache (C:\Users\berna\.gradle\caches\8.2\executionHistory)" [_thread_blocked, id=20224, stack(0x000000d5d4e00000,0x000000d5d4f00000)]
  0x000001e984dd3fe0 JavaThread "jar transforms" [_thread_blocked, id=33784, stack(0x000000d5d4f00000,0x000000d5d5000000)]
  0x000001e984dd27d0 JavaThread "jar transforms Thread 2" [_thread_blocked, id=27808, stack(0x000000d5d5000000,0x000000d5d5100000)]
  0x000001e984dd4e50 JavaThread "Cache worker for kotlin-dsl (C:\Users\berna\.gradle\caches\8.2\kotlin-dsl)" [_thread_blocked, id=32368, stack(0x000000d5d3200000,0x000000d5d3300000)]
  0x000001e984dd3640 JavaThread "jar transforms Thread 3" [_thread_blocked, id=17020, stack(0x000000d5d5100000,0x000000d5d5200000)]
  0x000001e984dd79a0 JavaThread "jar transforms Thread 4" [_thread_blocked, id=9296, stack(0x000000d5d5200000,0x000000d5d5300000)]
  0x000001e984dd8340 JavaThread "jar transforms Thread 5" [_thread_blocked, id=28724, stack(0x000000d5d5300000,0x000000d5d5400000)]
  0x000001e984dd2ca0 JavaThread "jar transforms Thread 6" [_thread_blocked, id=22576, stack(0x000000d5d5400000,0x000000d5d5500000)]
  0x000001e984dd3170 JavaThread "Cache worker for dependencies-accessors (C:\Users\berna\AndroidStudioProjects\WorldCup\.gradle\8.2\dependencies-accessors)" [_thread_blocked, id=25344, stack(0x000000d5d5500000,0x000000d5d5600000)]
  0x000001e984dd8ce0 JavaThread "Cache worker for Build Output Cleanup Cache (C:\Users\berna\AndroidStudioProjects\WorldCup\.gradle\buildOutputCleanup)" [_thread_blocked, id=4200, stack(0x000000d5d2d00000,0x000000d5d2e00000)]
  0x000001e984dd3b10 JavaThread "jar transforms Thread 7" [_thread_blocked, id=33080, stack(0x000000d5d5600000,0x000000d5d5700000)]
  0x000001e984dd5320 JavaThread "jar transforms Thread 8" [_thread_blocked, id=10352, stack(0x000000d5d5700000,0x000000d5d5800000)]
=>0x000001e9fcfbe4c0 JavaThread "C2 CompilerThread1" daemon [_thread_in_native, id=10492, stack(0x000000d5d5900000,0x000000d5d5a00000)]
  0x000001e9870cd430 JavaThread "Unconstrained build operations" [_thread_blocked, id=33336, stack(0x000000d5d5a00000,0x000000d5d5b00000)]
  0x000001e9870d0920 JavaThread "Unconstrained build operations Thread 2" [_thread_blocked, id=24976, stack(0x000000d5d5b00000,0x000000d5d5c00000)]
  0x000001e9870cddd0 JavaThread "Unconstrained build operations Thread 3" [_thread_blocked, id=30324, stack(0x000000d5d5c00000,0x000000d5d5d00000)]
  0x000001e9870d2600 JavaThread "Unconstrained build operations Thread 4" [_thread_blocked, id=9228, stack(0x000000d5d5d00000,0x000000d5d5e00000)]
  0x000001e9870cfab0 JavaThread "Unconstrained build operations Thread 5" [_thread_blocked, id=17104, stack(0x000000d5d5e00000,0x000000d5d5f00000)]
  0x000001e9870d2ad0 JavaThread "Unconstrained build operations Thread 6" [_thread_blocked, id=6324, stack(0x000000d5d5f00000,0x000000d5d6000000)]
  0x000001e9870cd900 JavaThread "Unconstrained build operations Thread 7" [_thread_blocked, id=20660, stack(0x000000d5d6000000,0x000000d5d6100000)]
  0x000001e9870d12c0 JavaThread "Unconstrained build operations Thread 8" [_thread_blocked, id=4700, stack(0x000000d5d6100000,0x000000d5d6200000)]
  0x000001e9870d0450 JavaThread "Unconstrained build operations Thread 9" [_thread_blocked, id=12416, stack(0x000000d5d6200000,0x000000d5d6300000)]
  0x000001e9870cca90 JavaThread "Unconstrained build operations Thread 10" [_thread_blocked, id=1256, stack(0x000000d5d6300000,0x000000d5d6400000)]
  0x000001e9870ce2a0 JavaThread "Unconstrained build operations Thread 11" [_thread_blocked, id=7028, stack(0x000000d5d6400000,0x000000d5d6500000)]
  0x000001e9870d2130 JavaThread "jar transforms Thread 9" [_thread_blocked, id=13404, stack(0x000000d5d6500000,0x000000d5d6600000)]
  0x000001e9870ce770 JavaThread "jar transforms Thread 10" [_thread_blocked, id=31604, stack(0x000000d5d6600000,0x000000d5d6700000)]
  0x000001e9870d3470 JavaThread "jar transforms Thread 11" [_thread_blocked, id=18784, stack(0x000000d5d6700000,0x000000d5d6800000)]
  0x000001e9870d2fa0 JavaThread "jar transforms Thread 12" [_thread_blocked, id=27236, stack(0x000000d5d6800000,0x000000d5d6900000)]
  0x000001e9870d0df0 JavaThread "build event listener" [_thread_blocked, id=9884, stack(0x000000d5d6900000,0x000000d5d6a00000)]

Other Threads:
  0x000001e9fcc8c430 VMThread "VM Thread" [stack: 0x000000d5d2000000,0x000000d5d2100000] [id=30844]
  0x000001e9e2a56580 WatcherThread [stack: 0x000000d5d2c00000,0x000000d5d2d00000] [id=28660]
  0x000001e9e2a3cbd0 GCTaskThread "GC Thread#0" [stack: 0x000000d5d1b00000,0x000000d5d1c00000] [id=12680]
  0x000001e9fd87b410 GCTaskThread "GC Thread#1" [stack: 0x000000d5d2e00000,0x000000d5d2f00000] [id=3092]
  0x000001e9fd87b6c0 GCTaskThread "GC Thread#2" [stack: 0x000000d5d2f00000,0x000000d5d3000000] [id=26352]
  0x000001e9fdbd8720 GCTaskThread "GC Thread#3" [stack: 0x000000d5d3000000,0x000000d5d3100000] [id=9908]
  0x000001e9fe0bd1d0 GCTaskThread "GC Thread#4" [stack: 0x000000d5d3100000,0x000000d5d3200000] [id=18416]
  0x000001e9fe206d40 GCTaskThread "GC Thread#5" [stack: 0x000000d5d3d00000,0x000000d5d3e00000] [id=14940]
  0x000001e9fe4f25f0 GCTaskThread "GC Thread#6" [stack: 0x000000d5d3e00000,0x000000d5d3f00000] [id=14348]
  0x000001e9fee47e70 GCTaskThread "GC Thread#7" [stack: 0x000000d5d3f00000,0x000000d5d4000000] [id=19148]
  0x000001e9fe0ec150 GCTaskThread "GC Thread#8" [stack: 0x000000d5d4000000,0x000000d5d4100000] [id=18940]
  0x000001e9ff9cf800 GCTaskThread "GC Thread#9" [stack: 0x000000d5d4100000,0x000000d5d4200000] [id=28132]
  0x000001e9e2a4da20 ConcurrentGCThread "G1 Main Marker" [stack: 0x000000d5d1c00000,0x000000d5d1d00000] [id=12536]
  0x000001e9e2a4eae0 ConcurrentGCThread "G1 Conc#0" [stack: 0x000000d5d1d00000,0x000000d5d1e00000] [id=26676]
  0x000001e9ff9cfab0 ConcurrentGCThread "G1 Conc#1" [stack: 0x000000d5d4200000,0x000000d5d4300000] [id=25668]
  0x000001e9feb0dca0 ConcurrentGCThread "G1 Conc#2" [stack: 0x000000d5d4300000,0x000000d5d4400000] [id=17608]
  0x000001e9e2aae4e0 ConcurrentGCThread "G1 Refine#0" [stack: 0x000000d5d1e00000,0x000000d5d1f00000] [id=30208]
  0x000001e9fcaf54e0 ConcurrentGCThread "G1 Service" [stack: 0x000000d5d1f00000,0x000000d5d2000000] [id=8980]

Threads with active compile tasks:
C2 CompilerThread0    10969 6600       4       org.objectweb.asm.Frame::execute (2318 bytes)
C2 CompilerThread1    10969 6547   !   4       com.google.common.reflect.TypeVisitor::visit (244 bytes)

VM state: not at safepoint (normal execution)

VM Mutex/Monitor currently owned by a thread: None

Heap address: 0x0000000080000000, size: 2048 MB, Compressed Oops mode: 32-bit

CDS archive(s) not mapped
Compressed class space mapped at: 0x0000000100000000-0x0000000140000000, reserved size: 1073741824
Narrow klass base: 0x0000000000000000, Narrow klass shift: 3, Narrow klass range: 0x140000000

GC Precious Log:
 CPUs: 12 total, 12 available
 Memory: 8033M
 Large Page Support: Disabled
 NUMA Support: Disabled
 Compressed Oops: Enabled (32-bit)
 Heap Region Size: 1M
 Heap Min Capacity: 8M
 Heap Initial Capacity: 126M
 Heap Max Capacity: 2G
 Pre-touch: Disabled
 Parallel Workers: 10
 Concurrent Workers: 3
 Concurrent Refinement Workers: 10
 Periodic GC: Disabled

Heap:
 garbage-first heap   total 94208K, used 54496K [0x0000000080000000, 0x0000000100000000)
  region size 1024K, 4 young (4096K), 2 survivors (2048K)
 Metaspace       used 68518K, committed 69056K, reserved 1114112K
  class space    used 9156K, committed 9408K, reserved 1048576K

Heap Regions: E=young(eden), S=young(survivor), O=old, HS=humongous(starts), HC=humongous(continues), CS=collection set, F=free, OA=open archive, CA=closed archive, TAMS=top-at-mark-start (previous, next)
|   0|0x0000000080000000, 0x0000000080100000, 0x0000000080100000|100%|HS|  |TAMS 0x0000000080100000, 0x0000000080000000| Complete 
|   1|0x0000000080100000, 0x0000000080200000, 0x0000000080200000|100%|HC|  |TAMS 0x0000000080200000, 0x0000000080100000| Complete 
|   2|0x0000000080200000, 0x0000000080300000, 0x0000000080300000|100%|HC|  |TAMS 0x0000000080300000, 0x0000000080200000| Complete 
|   3|0x0000000080300000, 0x0000000080400000, 0x0000000080400000|100%|HC|  |TAMS 0x0000000080400000, 0x0000000080300000| Complete 
|   4|0x0000000080400000, 0x0000000080500000, 0x0000000080500000|100%| O|  |TAMS 0x0000000080500000, 0x0000000080400000| Untracked 
|   5|0x0000000080500000, 0x0000000080600000, 0x0000000080600000|100%| O|  |TAMS 0x0000000080600000, 0x0000000080500000| Untracked 
|   6|0x0000000080600000, 0x0000000080700000, 0x0000000080700000|100%| O|  |TAMS 0x0000000080700000, 0x0000000080600000| Untracked 
|   7|0x0000000080700000, 0x0000000080800000, 0x0000000080800000|100%| O|  |TAMS 0x0000000080800000, 0x0000000080700000| Untracked 
|   8|0x0000000080800000, 0x0000000080900000, 0x0000000080900000|100%| O|  |TAMS 0x0000000080900000, 0x0000000080800000| Untracked 
|   9|0x0000000080900000, 0x0000000080a00000, 0x0000000080a00000|100%| O|  |TAMS 0x0000000080a00000, 0x0000000080900000| Untracked 
|  10|0x0000000080a00000, 0x0000000080b00000, 0x0000000080b00000|100%| O|  |TAMS 0x0000000080b00000, 0x0000000080a00000| Untracked 
|  11|0x0000000080b00000, 0x0000000080c00000, 0x0000000080c00000|100%| O|  |TAMS 0x0000000080c00000, 0x0000000080b00000| Untracked 
|  12|0x0000000080c00000, 0x0000000080d00000, 0x0000000080d00000|100%| O|  |TAMS 0x0000000080d00000, 0x0000000080c00000| Untracked 
|  13|0x0000000080d00000, 0x0000000080e00000, 0x0000000080e00000|100%| O|  |TAMS 0x0000000080e00000, 0x0000000080d00000| Untracked 
|  14|0x0000000080e00000, 0x0000000080f00000, 0x0000000080f00000|100%| O|  |TAMS 0x0000000080f00000, 0x0000000080e00000| Untracked 
|  15|0x0000000080f00000, 0x0000000081000000, 0x0000000081000000|100%| O|  |TAMS 0x0000000081000000, 0x0000000080f00000| Untracked 
|  16|0x0000000081000000, 0x0000000081100000, 0x0000000081100000|100%| O|  |TAMS 0x0000000081100000, 0x0000000081000000| Untracked 
|  17|0x0000000081100000, 0x0000000081200000, 0x0000000081200000|100%| O|  |TAMS 0x0000000081200000, 0x0000000081100000| Untracked 
|  18|0x0000000081200000, 0x0000000081300000, 0x0000000081300000|100%| O|  |TAMS 0x0000000081300000, 0x0000000081200000| Untracked 
|  19|0x0000000081300000, 0x0000000081400000, 0x0000000081400000|100%| O|  |TAMS 0x0000000081400000, 0x0000000081300000| Untracked 
|  20|0x0000000081400000, 0x0000000081500000, 0x0000000081500000|100%| O|  |TAMS 0x0000000081500000, 0x0000000081400000| Untracked 
|  21|0x0000000081500000, 0x0000000081600000, 0x0000000081600000|100%| O|  |TAMS 0x0000000081600000, 0x0000000081500000| Untracked 
|  22|0x0000000081600000, 0x0000000081700000, 0x0000000081700000|100%| O|  |TAMS 0x0000000081700000, 0x0000000081600000| Untracked 
|  23|0x0000000081700000, 0x0000000081800000, 0x0000000081800000|100%| O|  |TAMS 0x0000000081800000, 0x0000000081700000| Untracked 
|  24|0x0000000081800000, 0x0000000081900000, 0x0000000081900000|100%| O|  |TAMS 0x0000000081900000, 0x0000000081800000| Untracked 
|  25|0x0000000081900000, 0x0000000081a00000, 0x0000000081a00000|100%| O|  |TAMS 0x0000000081a00000, 0x0000000081900000| Untracked 
|  26|0x0000000081a00000, 0x0000000081b00000, 0x0000000081b00000|100%| O|  |TAMS 0x0000000081b00000, 0x0000000081a00000| Untracked 
|  27|0x0000000081b00000, 0x0000000081c00000, 0x0000000081c00000|100%| O|  |TAMS 0x0000000081c00000, 0x0000000081b00000| Untracked 
|  28|0x0000000081c00000, 0x0000000081d00000, 0x0000000081d00000|100%| O|  |TAMS 0x0000000081d00000, 0x0000000081c00000| Untracked 
|  29|0x0000000081d00000, 0x0000000081e00000, 0x0000000081e00000|100%| O|  |TAMS 0x0000000081e00000, 0x0000000081d00000| Untracked 
|  30|0x0000000081e00000, 0x0000000081f00000, 0x0000000081f00000|100%| O|  |TAMS 0x0000000081f00000, 0x0000000081e00000| Untracked 
|  31|0x0000000081f00000, 0x0000000082000000, 0x0000000082000000|100%| O|  |TAMS 0x0000000082000000, 0x0000000081f00000| Untracked 
|  32|0x0000000082000000, 0x0000000082100000, 0x0000000082100000|100%| O|  |TAMS 0x0000000082100000, 0x0000000082000000| Untracked 
|  33|0x0000000082100000, 0x0000000082200000, 0x0000000082200000|100%|HS|  |TAMS 0x0000000082200000, 0x0000000082100000| Complete 
|  34|0x0000000082200000, 0x0000000082300000, 0x0000000082300000|100%|HS|  |TAMS 0x0000000082300000, 0x0000000082200000| Complete 
|  35|0x0000000082300000, 0x0000000082400000, 0x0000000082400000|100%|HS|  |TAMS 0x0000000082400000, 0x0000000082300000| Complete 
|  36|0x0000000082400000, 0x0000000082500000, 0x0000000082500000|100%| O|  |TAMS 0x0000000082500000, 0x0000000082400000| Untracked 
|  37|0x0000000082500000, 0x0000000082600000, 0x0000000082600000|100%|HS|  |TAMS 0x0000000082600000, 0x0000000082500000| Complete 
|  38|0x0000000082600000, 0x0000000082700000, 0x0000000082700000|100%| O|  |TAMS 0x0000000082700000, 0x0000000082600000| Untracked 
|  39|0x0000000082700000, 0x0000000082800000, 0x0000000082800000|100%| O|  |TAMS 0x0000000082800000, 0x0000000082700000| Untracked 
|  40|0x0000000082800000, 0x0000000082900000, 0x0000000082900000|100%| O|  |TAMS 0x0000000082900000, 0x0000000082800000| Untracked 
|  41|0x0000000082900000, 0x0000000082a00000, 0x0000000082a00000|100%| O|  |TAMS 0x0000000082a00000, 0x0000000082900000| Untracked 
|  42|0x0000000082a00000, 0x0000000082b00000, 0x0000000082b00000|100%| O|  |TAMS 0x0000000082b00000, 0x0000000082a00000| Untracked 
|  43|0x0000000082b00000, 0x0000000082c00000, 0x0000000082c00000|100%| O|  |TAMS 0x0000000082c00000, 0x0000000082b00000| Untracked 
|  44|0x0000000082c00000, 0x0000000082d00000, 0x0000000082d00000|100%| O|  |TAMS 0x0000000082d00000, 0x0000000082c00000| Untracked 
|  45|0x0000000082d00000, 0x0000000082e00000, 0x0000000082e00000|100%| O|  |TAMS 0x0000000082e00000, 0x0000000082d00000| Untracked 
|  46|0x0000000082e00000, 0x0000000082f00000, 0x0000000082f00000|100%| O|  |TAMS 0x0000000082f00000, 0x0000000082e00000| Untracked 
|  47|0x0000000082f00000, 0x0000000083000000, 0x0000000083000000|100%| O|  |TAMS 0x0000000083000000, 0x0000000082f00000| Untracked 
|  48|0x0000000083000000, 0x0000000083100000, 0x0000000083100000|100%| O|  |TAMS 0x00000000830a1800, 0x0000000083000000| Untracked 
|  49|0x0000000083100000, 0x0000000083200000, 0x0000000083200000|100%|HS|  |TAMS 0x0000000083200000, 0x0000000083100000| Complete 
|  50|0x0000000083200000, 0x0000000083261a00, 0x0000000083300000| 38%| O|  |TAMS 0x0000000083200000, 0x0000000083200000| Untracked 
|  51|0x0000000083300000, 0x0000000083300000, 0x0000000083400000|  0%| F|  |TAMS 0x0000000083300000, 0x0000000083300000| Untracked 
|  52|0x0000000083400000, 0x0000000083400000, 0x0000000083500000|  0%| F|  |TAMS 0x0000000083400000, 0x0000000083400000| Untracked 
|  53|0x0000000083500000, 0x0000000083500000, 0x0000000083600000|  0%| F|  |TAMS 0x0000000083500000, 0x0000000083500000| Untracked 
|  54|0x0000000083600000, 0x0000000083600000, 0x0000000083700000|  0%| F|  |TAMS 0x0000000083600000, 0x0000000083600000| Untracked 
|  55|0x0000000083700000, 0x0000000083700000, 0x0000000083800000|  0%| F|  |TAMS 0x0000000083700000, 0x0000000083700000| Untracked 
|  56|0x0000000083800000, 0x0000000083800000, 0x0000000083900000|  0%| F|  |TAMS 0x0000000083800000, 0x0000000083800000| Untracked 
|  57|0x0000000083900000, 0x0000000083900000, 0x0000000083a00000|  0%| F|  |TAMS 0x0000000083900000, 0x0000000083900000| Untracked 
|  58|0x0000000083a00000, 0x0000000083a00000, 0x0000000083b00000|  0%| F|  |TAMS 0x0000000083a00000, 0x0000000083a00000| Untracked 
|  59|0x0000000083b00000, 0x0000000083b00000, 0x0000000083c00000|  0%| F|  |TAMS 0x0000000083b00000, 0x0000000083b00000| Untracked 
|  60|0x0000000083c00000, 0x0000000083c00000, 0x0000000083d00000|  0%| F|  |TAMS 0x0000000083c00000, 0x0000000083c00000| Untracked 
|  61|0x0000000083d00000, 0x0000000083d00000, 0x0000000083e00000|  0%| F|  |TAMS 0x0000000083d00000, 0x0000000083d00000| Untracked 
|  62|0x0000000083e00000, 0x0000000083e00000, 0x0000000083f00000|  0%| F|  |TAMS 0x0000000083e00000, 0x0000000083e00000| Untracked 
|  63|0x0000000083f00000, 0x0000000083f00000, 0x0000000084000000|  0%| F|  |TAMS 0x0000000083f00000, 0x0000000083f00000| Untracked 
|  64|0x0000000084000000, 0x0000000084000000, 0x0000000084100000|  0%| F|  |TAMS 0x0000000084000000, 0x0000000084000000| Untracked 
|  65|0x0000000084100000, 0x0000000084100000, 0x0000000084200000|  0%| F|  |TAMS 0x0000000084100000, 0x0000000084100000| Untracked 
|  66|0x0000000084200000, 0x0000000084200000, 0x0000000084300000|  0%| F|  |TAMS 0x0000000084200000, 0x0000000084200000| Untracked 
|  67|0x0000000084300000, 0x0000000084300000, 0x0000000084400000|  0%| F|  |TAMS 0x0000000084300000, 0x0000000084300000| Untracked 
|  68|0x0000000084400000, 0x0000000084400000, 0x0000000084500000|  0%| F|  |TAMS 0x0000000084400000, 0x0000000084400000| Untracked 
|  69|0x0000000084500000, 0x00000000845d68c0, 0x0000000084600000| 83%| S|CS|TAMS 0x0000000084500000, 0x0000000084500000| Complete 
|  70|0x0000000084600000, 0x0000000084700000, 0x0000000084700000|100%| S|CS|TAMS 0x0000000084600000, 0x0000000084600000| Complete 
|  71|0x0000000084700000, 0x0000000084700000, 0x0000000084800000|  0%| F|  |TAMS 0x0000000084700000, 0x0000000084700000| Untracked 
|  72|0x0000000084800000, 0x0000000084800000, 0x0000000084900000|  0%| F|  |TAMS 0x0000000084800000, 0x0000000084800000| Untracked 
|  73|0x0000000084900000, 0x0000000084900000, 0x0000000084a00000|  0%| F|  |TAMS 0x0000000084900000, 0x0000000084900000| Untracked 
|  74|0x0000000084a00000, 0x0000000084a00000, 0x0000000084b00000|  0%| F|  |TAMS 0x0000000084a00000, 0x0000000084a00000| Untracked 
|  75|0x0000000084b00000, 0x0000000084b00000, 0x0000000084c00000|  0%| F|  |TAMS 0x0000000084b00000, 0x0000000084b00000| Untracked 
|  76|0x0000000084c00000, 0x0000000084c00000, 0x0000000084d00000|  0%| F|  |TAMS 0x0000000084c00000, 0x0000000084c00000| Untracked 
|  77|0x0000000084d00000, 0x0000000084d00000, 0x0000000084e00000|  0%| F|  |TAMS 0x0000000084d00000, 0x0000000084d00000| Untracked 
|  78|0x0000000084e00000, 0x0000000084e00000, 0x0000000084f00000|  0%| F|  |TAMS 0x0000000084e00000, 0x0000000084e00000| Untracked 
|  79|0x0000000084f00000, 0x0000000084f00000, 0x0000000085000000|  0%| F|  |TAMS 0x0000000084f00000, 0x0000000084f00000| Untracked 
|  80|0x0000000085000000, 0x0000000085000000, 0x0000000085100000|  0%| F|  |TAMS 0x0000000085000000, 0x0000000085000000| Untracked 
|  81|0x0000000085100000, 0x0000000085100000, 0x0000000085200000|  0%| F|  |TAMS 0x0000000085100000, 0x0000000085100000| Untracked 
|  82|0x0000000085200000, 0x0000000085200000, 0x0000000085300000|  0%| F|  |TAMS 0x0000000085200000, 0x0000000085200000| Untracked 
|  83|0x0000000085300000, 0x0000000085300000, 0x0000000085400000|  0%| F|  |TAMS 0x0000000085300000, 0x0000000085300000| Untracked 
|  84|0x0000000085400000, 0x0000000085400000, 0x0000000085500000|  0%| F|  |TAMS 0x0000000085400000, 0x0000000085400000| Untracked 
|  85|0x0000000085500000, 0x0000000085500000, 0x0000000085600000|  0%| F|  |TAMS 0x0000000085500000, 0x0000000085500000| Untracked 
|  86|0x0000000085600000, 0x0000000085600000, 0x0000000085700000|  0%| F|  |TAMS 0x0000000085600000, 0x0000000085600000| Untracked 
|  87|0x0000000085700000, 0x0000000085700000, 0x0000000085800000|  0%| F|  |TAMS 0x0000000085700000, 0x0000000085700000| Untracked 
|  88|0x0000000085800000, 0x0000000085800000, 0x0000000085900000|  0%| F|  |TAMS 0x0000000085800000, 0x0000000085800000| Untracked 
|  89|0x0000000085900000, 0x0000000085971d88, 0x0000000085a00000| 44%| E|  |TAMS 0x0000000085900000, 0x0000000085900000| Complete 
|  90|0x0000000085a00000, 0x0000000085b00000, 0x0000000085b00000|100%| E|CS|TAMS 0x0000000085a00000, 0x0000000085a00000| Complete 
| 125|0x0000000087d00000, 0x0000000087e00000, 0x0000000087e00000|100%| E|CS|TAMS 0x0000000087d00000, 0x0000000087d00000| Complete 

Card table byte_map: [0x000001e9f5810000,0x000001e9f5c10000] _byte_map_base: 0x000001e9f5410000

Marking Bits (Prev, Next): (CMBitMap*) 0x000001e9e2a3d0f0, (CMBitMap*) 0x000001e9e2a3d130
 Prev Bits: [0x000001e9f6010000, 0x000001e9f8010000)
 Next Bits: [0x000001e9f8010000, 0x000001e9fa010000)

Polling page: 0x000001e9e09e0000

Metaspace:

Usage:
  Non-class:     57.98 MB used.
      Class:      8.95 MB used.
       Both:     66.93 MB used.

Virtual space:
  Non-class space:       64.00 MB reserved,      58.25 MB ( 91%) committed,  1 nodes.
      Class space:        1.00 GB reserved,       9.19 MB ( <1%) committed,  1 nodes.
             Both:        1.06 GB reserved,      67.44 MB (  6%) committed. 

Chunk freelists:
   Non-Class:  5.44 MB
       Class:  6.72 MB
        Both:  12.16 MB

MaxMetaspaceSize: unlimited
CompressedClassSpaceSize: 1.00 GB
Initial GC threshold: 21.00 MB
Current GC threshold: 108.44 MB
CDS: off
MetaspaceReclaimPolicy: balanced
 - commit_granule_bytes: 65536.
 - commit_granule_words: 8192.
 - virtual_space_node_default_size: 8388608.
 - enlarge_chunks_in_place: 1.
 - new_chunks_are_fully_committed: 0.
 - uncommit_free_chunks: 1.
 - use_allocation_guard: 0.
 - handle_deallocations: 1.


Internal statistics:

num_allocs_failed_limit: 12.
num_arena_births: 740.
num_arena_deaths: 0.
num_vsnodes_births: 2.
num_vsnodes_deaths: 0.
num_space_committed: 1079.
num_space_uncommitted: 0.
num_chunks_returned_to_freelist: 12.
num_chunks_taken_from_freelist: 2907.
num_chunk_merges: 6.
num_chunk_splits: 1950.
num_chunks_enlarged: 1332.
num_inconsistent_stats: 0.

CodeHeap 'non-profiled nmethods': size=120000Kb used=3168Kb max_used=3307Kb free=116832Kb
 bounds [0x000001e9ed990000, 0x000001e9edce0000, 0x000001e9f4ec0000]
CodeHeap 'profiled nmethods': size=120000Kb used=11081Kb max_used=11081Kb free=108918Kb
 bounds [0x000001e9e5ec0000, 0x000001e9e69a0000, 0x000001e9ed3f0000]
CodeHeap 'non-nmethods': size=5760Kb used=2377Kb max_used=2444Kb free=3382Kb
 bounds [0x000001e9ed3f0000, 0x000001e9ed670000, 0x000001e9ed990000]
 total_blobs=6750 nmethods=5848 adapters=814
 compilation: enabled
              stopped_count=0, restarted_count=0
 full_count=0

Compilation events (20 events):
Event: 10.936 Thread 0x000001e9fccbe3c0 6627       3       org.objectweb.asm.SymbolTable::addMergedType (164 bytes)
Event: 10.936 Thread 0x000001e9fccbe3c0 nmethod 6627 0x000001e9e697b010 code [0x000001e9e697b220, 0x000001e9e697b818]
Event: 10.937 Thread 0x000001e9fccbe3c0 6628       3       java.util.TreeMap::rotateRight (96 bytes)
Event: 10.937 Thread 0x000001e9fccbe3c0 nmethod 6628 0x000001e9e697bc10 code [0x000001e9e697bde0, 0x000001e9e697c318]
Event: 10.937 Thread 0x000001e9fccbe3c0 6629       3       sun.reflect.generics.reflectiveObjects.LazyReflectiveObjectGenerator::reifyBounds (51 bytes)
Event: 10.937 Thread 0x000001e9fccbe3c0 nmethod 6629 0x000001e9e697c490 code [0x000001e9e697c680, 0x000001e9e697cec8]
Event: 10.938 Thread 0x000001e9fccbe3c0 6630       3       com.google.common.collect.LinkedHashMultimap$ValueSet::add (144 bytes)
Event: 10.938 Thread 0x000001e9fccbe3c0 nmethod 6630 0x000001e9e697d190 code [0x000001e9e697d4a0, 0x000001e9e697ea38]
Event: 10.938 Thread 0x000001e9fccbe3c0 6632       3       com.google.common.collect.LinkedHashMultimap$ValueSet$1::hasNext (21 bytes)
Event: 10.938 Thread 0x000001e9fccbe3c0 nmethod 6632 0x000001e9e697f190 code [0x000001e9e697f340, 0x000001e9e697f628]
Event: 10.938 Thread 0x000001e9fccbe3c0 6633       3       com.google.common.collect.LinkedHashMultimap$ValueSet$1::checkForComodification (23 bytes)
Event: 10.938 Thread 0x000001e9fccbe3c0 nmethod 6633 0x000001e9e697f790 code [0x000001e9e697f940, 0x000001e9e697fb68]
Event: 10.938 Thread 0x000001e9fccbe3c0 6634       3       sun.reflect.generics.tree.MethodTypeSignature::<init> (26 bytes)
Event: 10.939 Thread 0x000001e9fccbe3c0 nmethod 6634 0x000001e9e697fc90 code [0x000001e9e697fe40, 0x000001e9e6980118]
Event: 10.939 Thread 0x000001e9fccbe3c0 6631       3       com.google.common.collect.LinkedHashMultimap$ValueSet::mask (8 bytes)
Event: 10.939 Thread 0x000001e9fccbe3c0 nmethod 6631 0x000001e9e6980210 code [0x000001e9e69803a0, 0x000001e9e69804b8]
Event: 10.939 Thread 0x000001e9fccbe3c0 6635       1       org.gradle.internal.instantiation.generator.AbstractClassGenerator::getRoleHandler (5 bytes)
Event: 10.939 Thread 0x000001e9fccbe3c0 nmethod 6635 0x000001e9edb50810 code [0x000001e9edb509a0, 0x000001e9edb50a78]
Event: 10.939 Thread 0x000001e9fccbe3c0 6636       3       org.gradle.internal.ImmutableActionSet::empty (10 bytes)
Event: 10.939 Thread 0x000001e9fccbe3c0 nmethod 6636 0x000001e9e6980590 code [0x000001e9e6980720, 0x000001e9e6980878]

GC Heap History (20 events):
Event: 3.916 GC heap before
{Heap before GC invocations=10 (full 0):
 garbage-first heap   total 68608K, used 50583K [0x0000000080000000, 0x0000000100000000)
  region size 1024K, 30 young (30720K), 3 survivors (3072K)
 Metaspace       used 41100K, committed 41472K, reserved 1114112K
  class space    used 5479K, committed 5632K, reserved 1048576K
}
Event: 3.921 GC heap after
{Heap after GC invocations=11 (full 0):
 garbage-first heap   total 89088K, used 27418K [0x0000000080000000, 0x0000000100000000)
  region size 1024K, 4 young (4096K), 4 survivors (4096K)
 Metaspace       used 41100K, committed 41472K, reserved 1114112K
  class space    used 5479K, committed 5632K, reserved 1048576K
}
Event: 3.935 GC heap before
{Heap before GC invocations=11 (full 0):
 garbage-first heap   total 89088K, used 28442K [0x0000000080000000, 0x0000000100000000)
  region size 1024K, 5 young (5120K), 4 survivors (4096K)
 Metaspace       used 41101K, committed 41472K, reserved 1114112K
  class space    used 5479K, committed 5632K, reserved 1048576K
}
Event: 3.938 GC heap after
{Heap after GC invocations=12 (full 0):
 garbage-first heap   total 89088K, used 27718K [0x0000000080000000, 0x0000000100000000)
  region size 1024K, 1 young (1024K), 1 survivors (1024K)
 Metaspace       used 41101K, committed 41472K, reserved 1114112K
  class space    used 5479K, committed 5632K, reserved 1048576K
}
Event: 4.433 GC heap before
{Heap before GC invocations=12 (full 0):
 garbage-first heap   total 89088K, used 71750K [0x0000000080000000, 0x0000000100000000)
  region size 1024K, 39 young (39936K), 1 survivors (1024K)
 Metaspace       used 43983K, committed 44416K, reserved 1114112K
  class space    used 5811K, committed 6016K, reserved 1048576K
}
Event: 4.437 GC heap after
{Heap after GC invocations=13 (full 0):
 garbage-first heap   total 89088K, used 30222K [0x0000000080000000, 0x0000000100000000)
  region size 1024K, 4 young (4096K), 4 survivors (4096K)
 Metaspace       used 43983K, committed 44416K, reserved 1114112K
  class space    used 5811K, committed 6016K, reserved 1048576K
}
Event: 5.010 GC heap before
{Heap before GC invocations=13 (full 0):
 garbage-first heap   total 89088K, used 68110K [0x0000000080000000, 0x0000000100000000)
  region size 1024K, 40 young (40960K), 4 survivors (4096K)
 Metaspace       used 48556K, committed 49024K, reserved 1114112K
  class space    used 6473K, committed 6656K, reserved 1048576K
}
Event: 5.013 GC heap after
{Heap after GC invocations=14 (full 0):
 garbage-first heap   total 89088K, used 33079K [0x0000000080000000, 0x0000000100000000)
  region size 1024K, 3 young (3072K), 3 survivors (3072K)
 Metaspace       used 48556K, committed 49024K, reserved 1114112K
  class space    used 6473K, committed 6656K, reserved 1048576K
}
Event: 7.833 GC heap before
{Heap before GC invocations=14 (full 0):
 garbage-first heap   total 89088K, used 68919K [0x0000000080000000, 0x0000000100000000)
  region size 1024K, 38 young (38912K), 3 survivors (3072K)
 Metaspace       used 52989K, committed 53440K, reserved 1114112K
  class space    used 7172K, committed 7360K, reserved 1048576K
}
Event: 7.836 GC heap after
{Heap after GC invocations=15 (full 0):
 garbage-first heap   total 89088K, used 34236K [0x0000000080000000, 0x0000000100000000)
  region size 1024K, 4 young (4096K), 4 survivors (4096K)
 Metaspace       used 52989K, committed 53440K, reserved 1114112K
  class space    used 7172K, committed 7360K, reserved 1048576K
}
Event: 9.422 GC heap before
{Heap before GC invocations=15 (full 0):
 garbage-first heap   total 89088K, used 69052K [0x0000000080000000, 0x0000000100000000)
  region size 1024K, 39 young (39936K), 4 survivors (4096K)
 Metaspace       used 59726K, committed 60160K, reserved 1114112K
  class space    used 8006K, committed 8192K, reserved 1048576K
}
Event: 9.427 GC heap after
{Heap after GC invocations=16 (full 0):
 garbage-first heap   total 89088K, used 38170K [0x0000000080000000, 0x0000000100000000)
  region size 1024K, 5 young (5120K), 5 survivors (5120K)
 Metaspace       used 59726K, committed 60160K, reserved 1114112K
  class space    used 8006K, committed 8192K, reserved 1048576K
}
Event: 10.046 GC heap before
{Heap before GC invocations=17 (full 0):
 garbage-first heap   total 89088K, used 75033K [0x0000000080000000, 0x0000000100000000)
  region size 1024K, 36 young (36864K), 5 survivors (5120K)
 Metaspace       used 61280K, committed 61824K, reserved 1114112K
  class space    used 8204K, committed 8448K, reserved 1048576K
}
Event: 10.051 GC heap after
{Heap after GC invocations=18 (full 0):
 garbage-first heap   total 89088K, used 49552K [0x0000000080000000, 0x0000000100000000)
  region size 1024K, 5 young (5120K), 5 survivors (5120K)
 Metaspace       used 61280K, committed 61824K, reserved 1114112K
  class space    used 8204K, committed 8448K, reserved 1048576K
}
Event: 10.122 GC heap before
{Heap before GC invocations=19 (full 0):
 garbage-first heap   total 89088K, used 55696K [0x0000000080000000, 0x0000000100000000)
  region size 1024K, 13 young (13312K), 5 survivors (5120K)
 Metaspace       used 61868K, committed 62400K, reserved 1114112K
  class space    used 8262K, committed 8512K, reserved 1048576K
}
Event: 10.124 GC heap after
{Heap after GC invocations=20 (full 0):
 garbage-first heap   total 89088K, used 50822K [0x0000000080000000, 0x0000000100000000)
  region size 1024K, 1 young (1024K), 1 survivors (1024K)
 Metaspace       used 61868K, committed 62400K, reserved 1114112K
  class space    used 8262K, committed 8512K, reserved 1048576K
}
Event: 10.331 GC heap before
{Heap before GC invocations=21 (full 0):
 garbage-first heap   total 91136K, used 72326K [0x0000000080000000, 0x0000000100000000)
  region size 1024K, 21 young (21504K), 1 survivors (1024K)
 Metaspace       used 63743K, committed 64256K, reserved 1114112K
  class space    used 8541K, committed 8768K, reserved 1048576K
}
Event: 10.333 GC heap after
{Heap after GC invocations=22 (full 0):
 garbage-first heap   total 91136K, used 52137K [0x0000000080000000, 0x0000000100000000)
  region size 1024K, 2 young (2048K), 2 survivors (2048K)
 Metaspace       used 63743K, committed 64256K, reserved 1114112K
  class space    used 8541K, committed 8768K, reserved 1048576K
}
Event: 10.671 GC heap before
{Heap before GC invocations=22 (full 0):
 garbage-first heap   total 91136K, used 71593K [0x0000000080000000, 0x0000000100000000)
  region size 1024K, 22 young (22528K), 2 survivors (2048K)
 Metaspace       used 65863K, committed 66368K, reserved 1114112K
  class space    used 8774K, committed 9024K, reserved 1048576K
}
Event: 10.672 GC heap after
{Heap after GC invocations=23 (full 0):
 garbage-first heap   total 91136K, used 52581K [0x0000000080000000, 0x0000000100000000)
  region size 1024K, 2 young (2048K), 2 survivors (2048K)
 Metaspace       used 65863K, committed 66368K, reserved 1114112K
  class space    used 8774K, committed 9024K, reserved 1048576K
}

Dll operation events (3 events):
Event: 0.018 Loaded shared library C:\Program Files\Android\Android Studio\jbr\bin\java.dll
Event: 0.216 Loaded shared library C:\Program Files\Android\Android Studio\jbr\bin\zip.dll
Event: 0.563 Loaded shared library C:\Program Files\Android\Android Studio\jbr\bin\verify.dll

Deoptimization events (20 events):
Event: 10.542 Thread 0x000001e9fee7b4c0 Uncommon trap: trap_request=0xffffff45 fr.pc=0x000001e9edc30a18 relative=0x00000000000002d8
Event: 10.542 Thread 0x000001e9fee7b4c0 Uncommon trap: reason=unstable_if action=reinterpret pc=0x000001e9edc30a18 method=org.gradle.internal.instantiation.generator.AbstractClassGenerator$InjectionAnnotationValidator.validateMethod(Ljava/lang/reflect/Method;Lorg/gradle/internal/reflect/Propert
Event: 10.542 Thread 0x000001e9fee7b4c0 DEOPT PACKING pc=0x000001e9edc30a18 sp=0x000000d5d39f7060
Event: 10.542 Thread 0x000001e9fee7b4c0 DEOPT UNPACKING pc=0x000001e9ed4469a3 sp=0x000000d5d39f7028 mode 2
Event: 10.551 Thread 0x000001e9fee7b4c0 Uncommon trap: trap_request=0xffffffde fr.pc=0x000001e9ed9ec9c8 relative=0x0000000000002c68
Event: 10.551 Thread 0x000001e9fee7b4c0 Uncommon trap: reason=class_check action=maybe_recompile pc=0x000001e9ed9ec9c8 method=java.util.jar.JarFile.getManifestFromReference()Ljava/util/jar/Manifest; @ 152 c2
Event: 10.551 Thread 0x000001e9fee7b4c0 DEOPT PACKING pc=0x000001e9ed9ec9c8 sp=0x000000d5d39f6f00
Event: 10.551 Thread 0x000001e9fee7b4c0 DEOPT UNPACKING pc=0x000001e9ed4469a3 sp=0x000000d5d39f6e10 mode 2
Event: 10.564 Thread 0x000001e9fee7b4c0 Uncommon trap: trap_request=0xffffffde fr.pc=0x000001e9edc01e00 relative=0x00000000000003a0
Event: 10.564 Thread 0x000001e9fee7b4c0 Uncommon trap: reason=class_check action=maybe_recompile pc=0x000001e9edc01e00 method=java.util.stream.AbstractPipeline.copyIntoWithCancel(Ljava/util/stream/Sink;Ljava/util/Spliterator;)Z @ 32 c2
Event: 10.564 Thread 0x000001e9fee7b4c0 DEOPT PACKING pc=0x000001e9edc01e00 sp=0x000000d5d39f6a40
Event: 10.564 Thread 0x000001e9fee7b4c0 DEOPT UNPACKING pc=0x000001e9ed4469a3 sp=0x000000d5d39f6900 mode 2
Event: 10.564 Thread 0x000001e9fee7b4c0 Uncommon trap: trap_request=0xffffffde fr.pc=0x000001e9edc01e00 relative=0x00000000000003a0
Event: 10.564 Thread 0x000001e9fee7b4c0 Uncommon trap: reason=class_check action=maybe_recompile pc=0x000001e9edc01e00 method=java.util.stream.AbstractPipeline.copyIntoWithCancel(Ljava/util/stream/Sink;Ljava/util/Spliterator;)Z @ 32 c2
Event: 10.564 Thread 0x000001e9fee7b4c0 DEOPT PACKING pc=0x000001e9edc01e00 sp=0x000000d5d39f6a40
Event: 10.564 Thread 0x000001e9fee7b4c0 DEOPT UNPACKING pc=0x000001e9ed4469a3 sp=0x000000d5d39f6900 mode 2
Event: 10.564 Thread 0x000001e9fee7b4c0 Uncommon trap: trap_request=0xffffffde fr.pc=0x000001e9edc01e00 relative=0x00000000000003a0
Event: 10.564 Thread 0x000001e9fee7b4c0 Uncommon trap: reason=class_check action=maybe_recompile pc=0x000001e9edc01e00 method=java.util.stream.AbstractPipeline.copyIntoWithCancel(Ljava/util/stream/Sink;Ljava/util/Spliterator;)Z @ 32 c2
Event: 10.564 Thread 0x000001e9fee7b4c0 DEOPT PACKING pc=0x000001e9edc01e00 sp=0x000000d5d39f6a40
Event: 10.564 Thread 0x000001e9fee7b4c0 DEOPT UNPACKING pc=0x000001e9ed4469a3 sp=0x000000d5d39f6900 mode 2

Classes unloaded (0 events):
No events

Classes redefined (0 events):
No events

Internal exceptions (20 events):
Event: 7.840 Thread 0x000001e9fee7b4c0 Exception <a 'java/lang/NoSuchMethodError'{0x0000000087d5f4d0}: 'void java.lang.invoke.DirectMethodHandle$Holder.invokeStatic(java.lang.Object, java.lang.Object, java.lang.Object, int, java.lang.Object)'> (0x0000000087d5f4d0) 
thrown [s\src\hotspot\share\interpreter\linkResolver.cpp, line 771]
Event: 8.369 Thread 0x000001e9fee7b4c0 Implicit null exception at 0x000001e9ed9e72f2 to 0x000001e9ed9e790c
Event: 8.616 Thread 0x000001e9fee7b4c0 Exception <a 'sun/nio/fs/WindowsException'{0x000000008482c528}> (0x000000008482c528) 
thrown [s\src\hotspot\share\prims\jni.cpp, line 517]
Event: 9.748 Thread 0x000001e9fee7b4c0 Exception <a 'java/lang/NoSuchMethodError'{0x0000000084817d20}: 'long java.lang.invoke.DirectMethodHandle$Holder.invokeVirtual(java.lang.Object, java.lang.Object)'> (0x0000000084817d20) 
thrown [s\src\hotspot\share\interpreter\linkResolver.cpp, line 771]
Event: 9.752 Thread 0x000001e9fee797e0 Exception <a 'java/lang/NoSuchMethodError'{0x0000000084889568}: static Lorg/gradle/internal/build/event/types/DefaultOperationFinishedProgressEvent;.<clinit>()V> (0x0000000084889568) 
thrown [s\src\hotspot\share\prims\jni.cpp, line 1108]
Event: 9.753 Thread 0x000001e9fee797e0 Exception <a 'java/lang/NoSuchMethodError'{0x00000000848b27f8}: static Lorg/gradle/internal/build/event/types/DefaultProjectConfigurationSuccessResult;.<clinit>()V> (0x00000000848b27f8) 
thrown [s\src\hotspot\share\prims\jni.cpp, line 1108]
Event: 9.753 Thread 0x000001e9fee797e0 Exception <a 'java/lang/NoSuchMethodError'{0x00000000848b3b10}: static Lorg/gradle/internal/build/event/types/AbstractProjectConfigurationResult;.<clinit>()V> (0x00000000848b3b10) 
thrown [s\src\hotspot\share\prims\jni.cpp, line 1108]
Event: 9.754 Thread 0x000001e9fee797e0 Exception <a 'java/lang/NoSuchMethodError'{0x00000000848b5288}: static Lorg/gradle/internal/build/event/types/AbstractOperationResult;.<clinit>()V> (0x00000000848b5288) 
thrown [s\src\hotspot\share\prims\jni.cpp, line 1108]
Event: 9.754 Thread 0x000001e9fee797e0 Exception <a 'java/lang/NoSuchMethodError'{0x00000000848b66f0}: static Lorg/gradle/internal/build/event/types/AbstractResult;.<clinit>()V> (0x00000000848b66f0) 
thrown [s\src\hotspot\share\prims\jni.cpp, line 1108]
Event: 9.755 Thread 0x000001e9fee797e0 Exception <a 'java/lang/NoSuchMethodError'{0x00000000848ce630}: static Lorg/gradle/internal/build/event/types/DefaultPluginApplicationResult;.<clinit>()V> (0x00000000848ce630) 
thrown [s\src\hotspot\share\prims\jni.cpp, line 1108]
Event: 9.755 Thread 0x000001e9fee797e0 Exception <a 'java/lang/NoSuchMethodError'{0x00000000848db028}: static Lorg/gradle/internal/build/event/types/DefaultBinaryPluginIdentifier;.<clinit>()V> (0x00000000848db028) 
thrown [s\src\hotspot\share\prims\jni.cpp, line 1108]
Event: 9.757 Thread 0x000001e9fee797e0 Exception <a 'java/lang/NoSuchMethodError'{0x00000000848f3f30}: static Lorg/gradle/internal/build/event/types/DefaultScriptPluginIdentifier;.<clinit>()V> (0x00000000848f3f30) 
thrown [s\src\hotspot\share\prims\jni.cpp, line 1108]
Event: 9.996 Thread 0x000001e9fee7b4c0 Exception <a 'java/lang/ClassNotFoundException'{0x0000000083cf79d0}: sun/misc/SharedSecrets> (0x0000000083cf79d0) 
thrown [s\src\hotspot\share\classfile\systemDictionary.cpp, line 256]
Event: 9.996 Thread 0x000001e9fee7b4c0 Exception <a 'java/lang/ClassNotFoundException'{0x0000000083cf8fa8}: org/gradle/api/internal/plugins/DefaultObjectConfigurationActionBeanInfo> (0x0000000083cf8fa8) 
thrown [s\src\hotspot\share\classfile\systemDictionary.cpp, line 256]
Event: 9.997 Thread 0x000001e9fee7b4c0 Exception <a 'java/lang/ClassNotFoundException'{0x0000000083b0de10}: org/gradle/api/internal/plugins/DefaultObjectConfigurationActionCustomizer> (0x0000000083b0de10) 
thrown [s\src\hotspot\share\classfile\systemDictionary.cpp, line 256]
Event: 10.145 Thread 0x000001e9fcc920a0 Implicit null exception at 0x000001e9edc32460 to 0x000001e9edc325cc
Event: 10.211 Thread 0x000001e9fee7b4c0 Exception <a 'java/lang/NoSuchMethodError'{0x00000000851cdf08}: 'java.lang.Object java.lang.invoke.DirectMethodHandle$Holder.newInvokeSpecial(java.lang.Object, java.lang.Object, java.lang.Object, java.lang.Object, int)'> (0x00000000851cdf08) 
thrown [s\src\hotspot\share\interpreter\linkResolver.cpp, line 771]
Event: 10.212 Thread 0x000001e9fee7b4c0 Exception <a 'java/lang/NoSuchMethodError'{0x00000000851d3350}: 'java.lang.Object java.lang.invoke.DirectMethodHandle$Holder.invokeSpecial(java.lang.Object, java.lang.Object, java.lang.Object, java.lang.Object, java.lang.Object, int)'> (0x00000000851d3350) 
thrown [s\src\hotspot\share\interpreter\linkResolver.cpp, line 771]
Event: 10.212 Thread 0x000001e9fee7b4c0 Exception <a 'java/lang/NoSuchMethodError'{0x00000000851d80d0}: 'java.lang.Object java.lang.invoke.Invokers$Holder.linkToTargetMethod(java.lang.Object, java.lang.Object, java.lang.Object, int, java.lang.Object)'> (0x00000000851d80d0) 
thrown [s\src\hotspot\share\interpreter\linkResolver.cpp, line 771]
Event: 10.532 Thread 0x000001e9fee7b4c0 Exception <a 'java/lang/NoSuchMethodError'{0x00000000853c40e0}: 'int java.lang.invoke.DirectMethodHandle$Holder.invokeInterface(java.lang.Object, java.lang.Object, java.lang.Object, java.lang.Object)'> (0x00000000853c40e0) 
thrown [s\src\hotspot\share\interpreter\linkResolver.cpp, line 771]

VM Operations (20 events):
Event: 10.073 Executing VM operation: G1Concurrent
Event: 10.074 Executing VM operation: G1Concurrent done
Event: 10.122 Executing VM operation: G1TryInitiateConcMark
Event: 10.124 Executing VM operation: G1TryInitiateConcMark done
Event: 10.141 Executing VM operation: G1Concurrent
Event: 10.143 Executing VM operation: G1Concurrent done
Event: 10.151 Executing VM operation: G1Concurrent
Event: 10.152 Executing VM operation: G1Concurrent done
Event: 10.331 Executing VM operation: G1CollectForAllocation
Event: 10.333 Executing VM operation: G1CollectForAllocation done
Event: 10.487 Executing VM operation: HandshakeAllThreads
Event: 10.487 Executing VM operation: HandshakeAllThreads done
Event: 10.531 Executing VM operation: HandshakeAllThreads
Event: 10.531 Executing VM operation: HandshakeAllThreads done
Event: 10.670 Executing VM operation: G1CollectForAllocation
Event: 10.672 Executing VM operation: G1CollectForAllocation done
Event: 10.692 Executing VM operation: G1Concurrent
Event: 10.694 Executing VM operation: G1Concurrent done
Event: 10.703 Executing VM operation: G1Concurrent
Event: 10.703 Executing VM operation: G1Concurrent done

Events (20 events):
Event: 10.716 loading class java/time/format/DateTimeFormatterBuilder$ZoneIdPrinterParser
Event: 10.716 loading class java/time/format/DateTimeFormatterBuilder$ZoneIdPrinterParser done
Event: 10.716 loading class java/time/format/DateTimeFormatterBuilder$StringLiteralPrinterParser
Event: 10.716 loading class java/time/format/DateTimeFormatterBuilder$StringLiteralPrinterParser done
Event: 10.716 loading class java/time/format/DateTimeFormatterBuilder$InstantPrinterParser
Event: 10.716 loading class java/time/format/DateTimeFormatterBuilder$InstantPrinterParser done
Event: 10.716 loading class java/time/format/DateTimeTextProvider$LocaleStore
Event: 10.716 loading class java/time/format/DateTimeTextProvider$LocaleStore done
Event: 10.716 loading class java/time/format/DateTimeTextProvider
Event: 10.716 loading class java/time/format/DateTimeTextProvider done
Event: 10.716 loading class java/time/format/DateTimeTextProvider$1
Event: 10.716 loading class java/time/format/DateTimeTextProvider$1 done
Event: 10.717 loading class java/time/format/DateTimeFormatterBuilder$1
Event: 10.717 loading class java/time/format/DateTimeFormatterBuilder$1 done
Event: 10.717 loading class java/time/format/DateTimeFormatterBuilder$TextPrinterParser
Event: 10.717 loading class java/time/format/DateTimeFormatterBuilder$TextPrinterParser done
Event: 10.717 loading class java/util/concurrent/Executors$DefaultThreadFactory
Event: 10.717 loading class java/util/concurrent/Executors$DefaultThreadFactory done
Event: 10.847 loading class java/util/regex/Pattern$1
Event: 10.847 loading class java/util/regex/Pattern$1 done


Dynamic libraries:
0x00007ff6e5530000 - 0x00007ff6e553a000 	C:\Program Files\Android\Android Studio\jbr\bin\java.exe
0x00007ffd05b50000 - 0x00007ffd05d48000 	C:\Windows\SYSTEM32\ntdll.dll
0x00007ffd04cd0000 - 0x00007ffd04d8d000 	C:\Windows\System32\KERNEL32.DLL
0x00007ffd03290000 - 0x00007ffd03586000 	C:\Windows\System32\KERNELBASE.dll
0x00007ffd036f0000 - 0x00007ffd037f0000 	C:\Windows\System32\ucrtbase.dll
0x00007ffceb620000 - 0x00007ffceb637000 	C:\Program Files\Android\Android Studio\jbr\bin\jli.dll
0x00007ffcc1b50000 - 0x00007ffcc1b6b000 	C:\Program Files\Android\Android Studio\jbr\bin\VCRUNTIME140.dll
0x00007ffd04d90000 - 0x00007ffd04f2e000 	C:\Windows\System32\USER32.dll
0x00007ffce6560000 - 0x00007ffce67fa000 	C:\Windows\WinSxS\amd64_microsoft.windows.common-controls_6595b64144ccf1df_6.0.19041.3636_none_60b6a03d71f818d5\COMCTL32.dll
0x00007ffd039b0000 - 0x00007ffd039d2000 	C:\Windows\System32\win32u.dll
0x00007ffd04200000 - 0x00007ffd0429e000 	C:\Windows\System32\msvcrt.dll
0x00007ffd03d20000 - 0x00007ffd03d4b000 	C:\Windows\System32\GDI32.dll
0x00007ffd03890000 - 0x00007ffd039a7000 	C:\Windows\System32\gdi32full.dll
0x00007ffd037f0000 - 0x00007ffd0388d000 	C:\Windows\System32\msvcp_win.dll
0x00007ffd03d50000 - 0x00007ffd03d82000 	C:\Windows\System32\IMM32.DLL
0x00007ffce12e0000 - 0x00007ffce12ec000 	C:\Program Files\Android\Android Studio\jbr\bin\vcruntime140_1.dll
0x00007ffc98a80000 - 0x00007ffc98b0d000 	C:\Program Files\Android\Android Studio\jbr\bin\msvcp140.dll
0x00007ffcb6080000 - 0x00007ffcb6d00000 	C:\Program Files\Android\Android Studio\jbr\bin\server\jvm.dll
0x00007ffd042a0000 - 0x00007ffd04353000 	C:\Windows\System32\ADVAPI32.dll
0x00007ffd04ad0000 - 0x00007ffd04b6f000 	C:\Windows\System32\sechost.dll
0x00007ffd03b90000 - 0x00007ffd03cb6000 	C:\Windows\System32\RPCRT4.dll
0x00007ffd03260000 - 0x00007ffd03287000 	C:\Windows\System32\bcrypt.dll
0x00007ffce39b0000 - 0x00007ffce39b9000 	C:\Windows\SYSTEM32\WSOCK32.dll
0x00007ffcede50000 - 0x00007ffcede77000 	C:\Windows\SYSTEM32\WINMM.dll
0x00007ffcfc8b0000 - 0x00007ffcfc8ba000 	C:\Windows\SYSTEM32\VERSION.dll
0x00007ffd04c60000 - 0x00007ffd04ccb000 	C:\Windows\System32\WS2_32.dll
0x00007ffd012a0000 - 0x00007ffd012b2000 	C:\Windows\SYSTEM32\kernel.appcore.dll
0x00007ffd00590000 - 0x00007ffd0059a000 	C:\Program Files\Android\Android Studio\jbr\bin\jimage.dll
0x00007ffd00e70000 - 0x00007ffd01054000 	C:\Windows\SYSTEM32\DBGHELP.DLL
0x00007ffcdc1d0000 - 0x00007ffcdc204000 	C:\Windows\SYSTEM32\dbgcore.DLL
0x00007ffd03a90000 - 0x00007ffd03b12000 	C:\Windows\System32\bcryptPrimitives.dll
0x00007ffcefaf0000 - 0x00007ffcefafe000 	C:\Program Files\Android\Android Studio\jbr\bin\instrument.dll
0x00007ffcfb5f0000 - 0x00007ffcfb615000 	C:\Program Files\Android\Android Studio\jbr\bin\java.dll
0x00007ffceedd0000 - 0x00007ffceede8000 	C:\Program Files\Android\Android Studio\jbr\bin\zip.dll
0x00007ffd05130000 - 0x00007ffd05875000 	C:\Windows\System32\SHELL32.dll
0x00007ffd012c0000 - 0x00007ffd01a5c000 	C:\Windows\SYSTEM32\windows.storage.dll
0x00007ffd045b0000 - 0x00007ffd04904000 	C:\Windows\System32\combase.dll
0x00007ffd02c40000 - 0x00007ffd02c6e000 	C:\Windows\SYSTEM32\Wldp.dll
0x00007ffd04f30000 - 0x00007ffd04ffd000 	C:\Windows\System32\OLEAUT32.dll
0x00007ffd059f0000 - 0x00007ffd05a9d000 	C:\Windows\System32\SHCORE.dll
0x00007ffd03cc0000 - 0x00007ffd03d15000 	C:\Windows\System32\shlwapi.dll
0x00007ffd03140000 - 0x00007ffd03165000 	C:\Windows\SYSTEM32\profapi.dll
0x00007ffcebab0000 - 0x00007ffcebac9000 	C:\Program Files\Android\Android Studio\jbr\bin\net.dll
0x00007ffcfa160000 - 0x00007ffcfa26a000 	C:\Windows\SYSTEM32\WINHTTP.dll
0x00007ffd029a0000 - 0x00007ffd02a0a000 	C:\Windows\system32\mswsock.dll
0x00007ffceb680000 - 0x00007ffceb696000 	C:\Program Files\Android\Android Studio\jbr\bin\nio.dll
0x00007ffcfd1f0000 - 0x00007ffcfd200000 	C:\Program Files\Android\Android Studio\jbr\bin\verify.dll
0x00007ffcbe700000 - 0x00007ffcbe727000 	C:\Users\berna\.gradle\native\68d5fa5c4cc2d200863cafc0d521ce42e7d3e7ee720ec0a83991735586a16f82\windows-amd64\native-platform.dll
0x00007ffc986c0000 - 0x00007ffc98804000 	C:\Users\berna\.gradle\native\e376f236ea51e6404a007f0833ffe2c6e607c4080706a723a18a27aeea778392\windows-amd64\native-platform-file-events.dll
0x00007ffcfd160000 - 0x00007ffcfd169000 	C:\Program Files\Android\Android Studio\jbr\bin\management.dll
0x00007ffcfc140000 - 0x00007ffcfc14b000 	C:\Program Files\Android\Android Studio\jbr\bin\management_ext.dll
0x00007ffd04b70000 - 0x00007ffd04b78000 	C:\Windows\System32\PSAPI.DLL
0x00007ffd02b90000 - 0x00007ffd02ba8000 	C:\Windows\SYSTEM32\CRYPTSP.dll
0x00007ffd02260000 - 0x00007ffd02294000 	C:\Windows\system32\rsaenh.dll
0x00007ffd030c0000 - 0x00007ffd030ee000 	C:\Windows\SYSTEM32\USERENV.dll
0x00007ffd02bb0000 - 0x00007ffd02bbc000 	C:\Windows\SYSTEM32\CRYPTBASE.dll
0x00007ffd02640000 - 0x00007ffd0267b000 	C:\Windows\SYSTEM32\IPHLPAPI.DLL
0x00007ffd04ac0000 - 0x00007ffd04ac8000 	C:\Windows\System32\NSI.dll
0x00007ffcfa7a0000 - 0x00007ffcfa7b7000 	C:\Windows\SYSTEM32\dhcpcsvc6.DLL
0x00007ffcfad30000 - 0x00007ffcfad4d000 	C:\Windows\SYSTEM32\dhcpcsvc.DLL
0x00007ffd02690000 - 0x00007ffd0275b000 	C:\Windows\SYSTEM32\DNSAPI.dll
0x00007ffcfd340000 - 0x00007ffcfd347000 	C:\Windows\system32\wshunix.dll
0x00007ffcef910000 - 0x00007ffcef91a000 	C:\Windows\System32\rasadhlp.dll
0x00007ffcef7d0000 - 0x00007ffcef850000 	C:\Windows\System32\fwpuclnt.dll

dbghelp: loaded successfully - version: 4.0.5 - missing functions: none
symbol engine: initialized successfully - sym options: 0x614 - pdb path: .;C:\Program Files\Android\Android Studio\jbr\bin;C:\Windows\SYSTEM32;C:\Windows\WinSxS\amd64_microsoft.windows.common-controls_6595b64144ccf1df_6.0.19041.3636_none_60b6a03d71f818d5;C:\Program Files\Android\Android Studio\jbr\bin\server;C:\Users\berna\.gradle\native\68d5fa5c4cc2d200863cafc0d521ce42e7d3e7ee720ec0a83991735586a16f82\windows-amd64;C:\Users\berna\.gradle\native\e376f236ea51e6404a007f0833ffe2c6e607c4080706a723a18a27aeea778392\windows-amd64

VM Arguments:
jvm_args: --add-opens=java.base/java.util=ALL-UNNAMED --add-opens=java.base/java.lang=ALL-UNNAMED --add-opens=java.base/java.lang.invoke=ALL-UNNAMED --add-opens=java.prefs/java.util.prefs=ALL-UNNAMED --add-opens=java.base/java.nio.charset=ALL-UNNAMED --add-opens=java.base/java.net=ALL-UNNAMED --add-opens=java.base/java.util.concurrent.atomic=ALL-UNNAMED -Xmx2048m -Dfile.encoding=UTF-8 -Duser.country=CA -Duser.language=en -Duser.variant -javaagent:C:\Users\berna\.gradle\wrapper\dists\gradle-8.2-bin\bbg7u40eoinfdyxsxr3z4i7ta\gradle-8.2\lib\agents\gradle-instrumentation-agent-8.2.jar 
java_command: org.gradle.launcher.daemon.bootstrap.GradleDaemon 8.2
java_class_path (initial): C:\Users\berna\.gradle\wrapper\dists\gradle-8.2-bin\bbg7u40eoinfdyxsxr3z4i7ta\gradle-8.2\lib\gradle-launcher-8.2.jar
Launcher Type: SUN_STANDARD

[Global flags]
     intx CICompilerCount                          = 4                                         {product} {ergonomic}
     uint ConcGCThreads                            = 3                                         {product} {ergonomic}
     uint G1ConcRefinementThreads                  = 10                                        {product} {ergonomic}
   size_t G1HeapRegionSize                         = 1048576                                   {product} {ergonomic}
    uintx GCDrainStackTargetSize                   = 64                                        {product} {ergonomic}
   size_t InitialHeapSize                          = 132120576                                 {product} {ergonomic}
   size_t MarkStackSize                            = 4194304                                   {product} {ergonomic}
   size_t MaxHeapSize                              = 2147483648                                {product} {command line}
   size_t MaxNewSize                               = 1287651328                                {product} {ergonomic}
   size_t MinHeapDeltaBytes                        = 1048576                                   {product} {ergonomic}
   size_t MinHeapSize                              = 8388608                                   {product} {ergonomic}
    uintx NonNMethodCodeHeapSize                   = 5839372                                {pd product} {ergonomic}
    uintx NonProfiledCodeHeapSize                  = 122909434                              {pd product} {ergonomic}
    uintx ProfiledCodeHeapSize                     = 122909434                              {pd product} {ergonomic}
    uintx ReservedCodeCacheSize                    = 251658240                              {pd product} {ergonomic}
     bool SegmentedCodeCache                       = true                                      {product} {ergonomic}
   size_t SoftMaxHeapSize                          = 2147483648                             {manageable} {ergonomic}
     bool UseCompressedClassPointers               = true                           {product lp64_product} {ergonomic}
     bool UseCompressedOops                        = true                           {product lp64_product} {ergonomic}
     bool UseG1GC                                  = true                                      {product} {ergonomic}
     bool UseLargePagesIndividualAllocation        = false                                  {pd product} {ergonomic}

Logging:
Log output configuration:
 #0: stdout all=warning uptime,level,tags
 #1: stderr all=off uptime,level,tags

Environment Variables:
PATH=C:\Program Files (x86)\NVIDIA Corporation\PhysX\Common;C:\Windows\system32;C:\Windows;C:\Windows\System32\Wbem;C:\Windows\System32\WindowsPowerShell\v1.0\;C:\Windows\System32\OpenSSH\;C:\Program Files\Git\cmd;C:\Program Files\dotnet\;C:\Users\berna\AppData\Local\Microsoft\WindowsApps;C:\Users\berna\AppData\Local\GitHubDesktop\bin
USERNAME=berna
OS=Windows_NT
PROCESSOR_IDENTIFIER=Intel64 Family 6 Model 158 Stepping 13, GenuineIntel
TMP=C:\Users\berna\AppData\Local\Temp
TEMP=C:\Users\berna\AppData\Local\Temp


JNI global refs:
JNI global refs: 28, weak refs: 4

JNI global refs memory usage: 843, weak refs: 841

OOME stack traces (most recent first):
Classloader memory used:
Loader org.gradle.internal.classloader.VisitableURLClassLoader                         : 3476K
Loader bootstrap                                                                       : 3097K
Loader org.gradle.initialization.MixInLegacyTypesClassLoader                           : 1225K
Loader org.gradle.internal.classloader.VisitableURLClassLoader$InstrumentingVisitableURLClassLoader: 620K
Loader jdk.internal.loader.ClassLoaders$PlatformClassLoader                            : 99985B
Loader jdk.internal.loader.ClassLoaders$AppClassLoader                                 : 28352B
Loader jdk.internal.reflect.DelegatingClassLoader                                      : 26128B
Loader org.gradle.groovy.scripts.internal.DefaultScriptCompilationHandler$ScriptClassLoader: 1712B
Loader org.codehaus.groovy.runtime.callsite.CallSiteClassLoader                        : 356B

Classes loaded by more than one classloader:
Class Program                                                                         : loaded 4 times (x 72B)
Class com.google.common.collect.Iterators$MergingIterator                             : loaded 2 times (x 79B)
Class [Lcom.google.common.collect.AbstractMapEntry;                                   : loaded 2 times (x 67B)
Class com.google.common.collect.SingletonImmutableList                                : loaded 2 times (x 167B)
Class com.google.common.cache.CacheLoader$SupplierToCacheLoader                       : loaded 2 times (x 73B)
Class org.gradle.internal.classpath.ClassPath                                         : loaded 2 times (x 68B)
Class com.google.common.cache.RemovalListener                                         : loaded 2 times (x 68B)
Class org.gradle.api.internal.classpath.DefaultModuleRegistry                         : loaded 2 times (x 84B)
Class Settings_gradle$1$1                                                             : loaded 2 times (x 72B)
Class com.google.common.collect.ListMultimap                                          : loaded 2 times (x 68B)
Class com.google.common.base.CharMatcher$JavaDigit                                    : loaded 2 times (x 109B)
Class com.google.common.base.CharMatcher$Digit                                        : loaded 2 times (x 110B)
Class com.google.common.collect.AbstractMultimap                                      : loaded 2 times (x 121B)
Class com.google.common.cache.CacheBuilder$OneWeigher                                 : loaded 2 times (x 80B)
Class org.gradle.api.Action                                                           : loaded 2 times (x 68B)
Class com.google.common.collect.ImmutableEntry                                        : loaded 2 times (x 80B)
Class com.google.common.collect.Lists$StringAsImmutableList                           : loaded 2 times (x 167B)
Class com.google.common.base.CharMatcher                                              : loaded 2 times (x 109B)
Class com.google.common.base.CharMatcher$IsNot                                        : loaded 2 times (x 109B)
Class com.google.common.base.Splitter                                                 : loaded 2 times (x 70B)
Class [Lcom.google.common.cache.Weigher;                                              : loaded 2 times (x 67B)
Class com.google.common.collect.Iterators$ArrayItr                                    : loaded 2 times (x 95B)
Class com.google.common.cache.LocalCache$Segment                                      : loaded 2 times (x 152B)
Class org.gradle.api.internal.DefaultClassPathProvider                                : loaded 2 times (x 74B)
Class org.gradle.internal.installation.GradleInstallation$1                           : loaded 2 times (x 73B)
Class com.google.common.base.CharMatcher$BitSetMatcher                                : loaded 2 times (x 110B)
Class com.google.common.collect.ImmutableMap$IteratorBasedImmutableMap                : loaded 2 times (x 123B)
Class com.google.common.collect.ImmutableMap                                          : loaded 2 times (x 118B)
Class com.google.common.base.Converter                                                : loaded 2 times (x 88B)
Class com.google.common.collect.ImmutableSet$EmptySetBuilderImpl                      : loaded 2 times (x 74B)
Class com.google.common.base.Equivalence                                              : loaded 2 times (x 80B)
Class com.google.common.cache.LocalCache$EntryFactory$1                               : loaded 2 times (x 81B)
Class com.google.common.cache.LocalCache$EntryFactory$2                               : loaded 2 times (x 81B)
Class com.google.common.cache.LocalCache$EntryFactory$3                               : loaded 2 times (x 81B)
Class com.google.common.cache.LocalCache$EntryFactory$4                               : loaded 2 times (x 81B)
Class com.google.common.cache.LocalCache$EntryFactory$5                               : loaded 2 times (x 81B)
Class com.google.common.cache.LocalCache$EntryFactory$6                               : loaded 2 times (x 81B)
Class com.google.common.cache.LocalCache$EntryFactory$7                               : loaded 2 times (x 81B)
Class com.google.common.cache.LocalCache$EntryFactory$8                               : loaded 2 times (x 81B)
Class com.google.common.base.Predicate                                                : loaded 2 times (x 68B)
Class org.gradle.internal.classloader.FilteringClassLoader                            : loaded 2 times (x 102B)
Class com.google.common.collect.RegularImmutableSet                                   : loaded 2 times (x 146B)
Class [Lcom.google.common.cache.LocalCache$Strength;                                  : loaded 2 times (x 67B)
Class org.gradle.internal.classpath.DefaultClassPath$ImmutableUniqueList$Builder      : loaded 2 times (x 73B)
Class com.google.common.collect.Maps$8                                                : loaded 2 times (x 80B)
Class com.google.common.base.PatternCompiler                                          : loaded 2 times (x 68B)
Class [Lcom.google.common.cache.CacheBuilder$NullListener;                            : loaded 2 times (x 67B)
Class com.google.common.base.CharMatcher$InRange                                      : loaded 2 times (x 109B)
Class com.google.common.collect.BiMap                                                 : loaded 2 times (x 68B)
Class com.google.common.collect.Lists                                                 : loaded 2 times (x 69B)
Class com.google.common.math.IntMath$1                                                : loaded 2 times (x 69B)
Class org.gradle.internal.classloader.ClassLoaderVisitor                              : loaded 2 times (x 74B)
Class com.google.common.cache.CacheBuilder$NullListener                               : loaded 2 times (x 80B)
Class com.google.common.math.MathPreconditions                                        : loaded 2 times (x 69B)
Class org.gradle.internal.service.DefaultServiceLocator                               : loaded 2 times (x 81B)
Class org.gradle.internal.service.UnknownServiceException                             : loaded 2 times (x 81B)
Class com.google.common.collect.ArrayListMultimap                                     : loaded 2 times (x 170B)
Class com.google.common.base.Strings                                                  : loaded 2 times (x 69B)
Class com.google.common.cache.CacheLoader$InvalidCacheLoadException                   : loaded 2 times (x 80B)
Class org.gradle.internal.classloader.DefaultClassLoaderFactory                       : loaded 2 times (x 80B)
Class com.google.common.collect.UnmodifiableIterator                                  : loaded 2 times (x 78B)
Class com.google.common.base.Platform$JdkPatternCompiler                              : loaded 2 times (x 73B)
Class com.google.common.cache.LocalCache$LoadingValueReference                        : loaded 2 times (x 94B)
Class com.google.common.base.CharMatcher$SingleWidth                                  : loaded 2 times (x 110B)
Class com.google.common.collect.Hashing                                               : loaded 2 times (x 69B)
Class com.google.common.base.JdkPattern                                               : loaded 2 times (x 73B)
Class com.google.common.collect.Multimap                                              : loaded 2 times (x 68B)
Class com.google.common.base.FunctionalEquivalence                                    : loaded 2 times (x 81B)
Class com.google.common.cache.LocalCache$1                                            : loaded 2 times (x 87B)
Class com.google.common.cache.LocalCache$2                                            : loaded 2 times (x 140B)
Class com.google.common.collect.RegularImmutableBiMap                                 : loaded 2 times (x 146B)
Class org.gradle.internal.classloader.VisitableURLClassLoader$Spec                    : loaded 2 times (x 72B)
Class org.gradle.api.GradleException                                                  : loaded 2 times (x 80B)
Class com.google.common.base.CharMatcher$JavaLetterOrDigit                            : loaded 2 times (x 109B)
Class org.gradle.api.internal.classpath.ModuleRegistry                                : loaded 2 times (x 68B)
Class com.google.common.collect.ForwardingObject                                      : loaded 2 times (x 70B)
Class com.google.common.cache.CacheBuilder                                            : loaded 2 times (x 70B)
Class com.google.common.collect.ImmutableCollection                                   : loaded 2 times (x 123B)
Class com.google.common.base.PairwiseEquivalence                                      : loaded 2 times (x 81B)
Class com.google.common.base.Ticker                                                   : loaded 2 times (x 70B)
Class org.gradle.api.internal.ClassPathProvider                                       : loaded 2 times (x 68B)
Class com.google.common.collect.RegularImmutableMap$Values                            : loaded 2 times (x 167B)
Class org.gradle.internal.classloader.ClasspathUtil$1                                 : loaded 2 times (x 74B)
Class com.google.common.collect.ImmutableEnumMap                                      : loaded 2 times (x 123B)
Class com.google.common.collect.ForwardingMap                                         : loaded 2 times (x 130B)
Class com.google.common.collect.ImmutableList$ReverseImmutableList                    : loaded 2 times (x 168B)
Class com.google.common.cache.AbstractCache$StatsCounter                              : loaded 2 times (x 68B)
Class com.google.common.cache.LocalCache$Strength$1                                   : loaded 2 times (x 79B)
Class com.google.common.cache.LocalCache$Strength$2                                   : loaded 2 times (x 79B)
Class com.google.common.cache.LocalCache$Strength$3                                   : loaded 2 times (x 79B)
Class org.gradle.internal.classloader.ClassLoaderFactory                              : loaded 2 times (x 68B)
Class com.google.common.collect.ObjectArrays                                          : loaded 2 times (x 69B)
Class com.google.common.collect.Iterators$10                                          : loaded 2 times (x 79B)
Class com.google.common.collect.ImmutableList                                         : loaded 2 times (x 166B)
Class org.gradle.api.internal.classpath.ManifestUtil                                  : loaded 2 times (x 69B)
Class org.gradle.api.specs.Spec                                                       : loaded 2 times (x 68B)
Class com.google.common.cache.CacheLoader$UnsupportedLoadingOperationException        : loaded 2 times (x 80B)
Class com.google.common.base.CharMatcher$Whitespace                                   : loaded 2 times (x 110B)
Class com.google.common.collect.Iterators$1                                           : loaded 2 times (x 79B)
Class com.google.common.collect.Iterators$4                                           : loaded 2 times (x 80B)
Class com.google.common.collect.RegularImmutableMap$BucketOverflowException           : loaded 2 times (x 80B)
Class com.google.common.collect.Iterators$5                                           : loaded 2 times (x 80B)
Class com.google.common.base.Equivalence$Equals                                       : loaded 2 times (x 80B)
Class com.google.common.base.Preconditions                                            : loaded 2 times (x 69B)
Class com.google.common.base.Function                                                 : loaded 2 times (x 68B)
Class com.google.common.collect.Iterators$9                                           : loaded 2 times (x 79B)
Class org.gradle.internal.IoActions                                                   : loaded 2 times (x 69B)
Class com.google.common.cache.ReferenceEntry                                          : loaded 2 times (x 68B)
Class com.google.common.collect.RegularImmutableMap$KeySet                            : loaded 2 times (x 148B)
Class com.google.common.collect.CollectPreconditions                                  : loaded 2 times (x 69B)
Class com.google.common.collect.Maps                                                  : loaded 2 times (x 69B)
Class com.google.common.collect.RegularImmutableMap                                   : loaded 2 times (x 119B)
Class com.google.common.collect.AbstractIndexedListIterator                           : loaded 2 times (x 94B)
Class com.google.common.base.CharMatcher$None                                         : loaded 2 times (x 110B)
Class org.gradle.api.internal.classpath.EffectiveClassPath                            : loaded 2 times (x 88B)
Class com.google.common.collect.UnmodifiableListIterator                              : loaded 2 times (x 93B)
Class com.google.common.cache.CacheLoader$FunctionToCacheLoader                       : loaded 2 times (x 73B)
Class com.google.common.cache.CacheBuilder$1                                          : loaded 2 times (x 83B)
Class com.google.common.cache.CacheBuilder$2                                          : loaded 2 times (x 77B)
Class com.google.common.collect.ImmutableList$1                                       : loaded 2 times (x 95B)
Class com.google.common.base.Splitter$Strategy                                        : loaded 2 times (x 68B)
Class com.google.common.cache.CacheBuilder$3                                          : loaded 2 times (x 70B)
Class com.google.common.collect.ImmutableMapEntrySet$RegularEntrySet                  : loaded 2 times (x 149B)
Class [Lcom.google.common.cache.RemovalListener;                                      : loaded 2 times (x 67B)
Class [Lcom.google.common.collect.ImmutableMapEntry;                                  : loaded 2 times (x 67B)
Class org.gradle.internal.installation.CurrentGradleInstallation                      : loaded 2 times (x 71B)
Class org.gradle.internal.agents.InstrumentingClassLoader                             : loaded 2 times (x 68B)
Class org.gradle.internal.installation.CurrentGradleInstallationLocator               : loaded 2 times (x 69B)
Class [Lcom.google.common.cache.LocalCache$Segment;                                   : loaded 2 times (x 67B)
Class org.gradle.api.internal.classpath.Module                                        : loaded 2 times (x 68B)
Class com.google.common.base.Splitter$1$1                                             : loaded 2 times (x 84B)
Class com.google.common.collect.ImmutableSet$JdkBackedSetBuilderImpl                  : loaded 2 times (x 74B)
Class com.google.common.collect.ImmutableSet$RegularSetBuilderImpl                    : loaded 2 times (x 75B)
Class org.gradle.internal.service.CachingServiceLocator                               : loaded 2 times (x 80B)
Class [Lcom.google.common.collect.ImmutableEntry;                                     : loaded 2 times (x 67B)
Class org.gradle.internal.classpath.DefaultClassPath                                  : loaded 2 times (x 88B)
Class com.google.common.base.Splitter$SplittingIterator                               : loaded 2 times (x 82B)
Class com.google.common.cache.LocalCache$LocalManualCache$1                           : loaded 2 times (x 73B)
Class [Lcom.google.common.cache.LocalCache$EntryFactory;                              : loaded 2 times (x 67B)
Class com.google.common.base.CharMatcher$Is                                           : loaded 2 times (x 109B)
Class com.google.common.base.Platform                                                 : loaded 2 times (x 69B)
Class com.google.common.collect.RegularImmutableAsList                                : loaded 2 times (x 176B)
Class com.google.common.collect.PeekingIterator                                       : loaded 2 times (x 68B)
Class com.google.common.collect.ImmutableMapEntrySet                                  : loaded 2 times (x 149B)
Class com.google.common.cache.CacheLoader                                             : loaded 2 times (x 72B)
Class com.google.common.collect.ImmutableBiMapFauxverideShim                          : loaded 2 times (x 118B)
Class com.google.common.cache.Cache                                                   : loaded 2 times (x 68B)
Class org.gradle.internal.classloader.SystemClassLoaderSpec                           : loaded 2 times (x 69B)
Class com.google.common.collect.SingletonImmutableSet                                 : loaded 2 times (x 144B)
Class [Lcom.google.common.base.AbstractIterator$State;                                : loaded 2 times (x 67B)
Class com.google.common.collect.ImmutableMap$Builder                                  : loaded 2 times (x 80B)
Class com.google.common.base.AbstractIterator                                         : loaded 2 times (x 78B)
Class com.google.common.base.AbstractIterator$1                                       : loaded 2 times (x 69B)
Class [Lcom.google.common.cache.CacheBuilder$OneWeigher;                              : loaded 2 times (x 67B)
Class com.google.common.collect.Iterators                                             : loaded 2 times (x 69B)
Class com.google.common.base.CharMatcher$Ascii                                        : loaded 2 times (x 110B)
Class com.google.common.base.CharMatcher$1                                            : loaded 2 times (x 111B)
Class com.google.common.cache.LocalCache$ComputingValueReference                      : loaded 2 times (x 94B)
Class org.gradle.api.UncheckedIOException                                             : loaded 2 times (x 80B)
Class com.google.common.base.CharMatcher$And                                          : loaded 2 times (x 110B)
Class com.google.common.collect.IndexedImmutableSet                                   : loaded 2 times (x 148B)
Class com.google.common.collect.AbstractListMultimap                                  : loaded 2 times (x 170B)
Class com.google.common.base.CharMatcher$Any                                          : loaded 2 times (x 110B)
Class org.gradle.internal.installation.GradleInstallation                             : loaded 2 times (x 73B)
Class com.google.common.cache.LocalCache$Strength                                     : loaded 2 times (x 79B)
Class com.google.common.collect.ArrayListMultimapGwtSerializationDependencies         : loaded 2 times (x 170B)
Class com.google.common.base.CharMatcher$RangesMatcher                                : loaded 2 times (x 110B)
Class com.google.common.collect.ImmutableList$SubList                                 : loaded 2 times (x 168B)
Class com.google.common.cache.LocalCache$ValueReference                               : loaded 2 times (x 68B)
Class org.gradle.internal.classloader.ClasspathUtil                                   : loaded 2 times (x 69B)
Class com.google.common.base.Splitter$1                                               : loaded 2 times (x 75B)
Class com.google.common.base.Ticker$1                                                 : loaded 2 times (x 70B)
Class com.google.common.collect.Maps$BiMapConverter                                   : loaded 2 times (x 88B)
Class org.gradle.api.internal.DefaultClassPathRegistry                                : loaded 2 times (x 74B)
Class com.google.common.collect.ImmutableSet$SetBuilderImpl                           : loaded 2 times (x 74B)
Class org.gradle.api.internal.classpath.DefaultModuleRegistry$DefaultModule           : loaded 2 times (x 84B)
Class com.google.common.base.CharMatcher$JavaIsoControl                               : loaded 2 times (x 110B)
Class com.google.common.collect.ImmutableMap$1                                        : loaded 2 times (x 79B)
Class com.google.common.base.CharMatcher$Or                                           : loaded 2 times (x 110B)
Class com.google.common.base.Suppliers$SupplierOfInstance                             : loaded 2 times (x 77B)
Class com.google.common.collect.Iterables                                             : loaded 2 times (x 69B)
Class com.google.common.base.CharMatcher$JavaLowerCase                                : loaded 2 times (x 109B)
Class org.gradle.api.internal.classpath.UnknownModuleException                        : loaded 2 times (x 80B)
Class com.google.common.collect.Maps$EntryTransformer                                 : loaded 2 times (x 68B)
Class com.google.common.collect.ImmutableCollection$Builder                           : loaded 2 times (x 74B)
Class com.google.common.collect.SingletonImmutableBiMap                               : loaded 2 times (x 141B)
Class com.google.common.base.CommonPattern                                            : loaded 2 times (x 72B)
Class com.google.common.base.Suppliers                                                : loaded 2 times (x 69B)
Class com.google.common.cache.LoadingCache                                            : loaded 2 times (x 68B)
Class org.gradle.internal.service.ServiceLookupException                              : loaded 2 times (x 80B)
Class org.gradle.cache.GlobalCache                                                    : loaded 2 times (x 68B)
Class com.google.common.base.CharMatcher$NegatedFastMatcher                           : loaded 2 times (x 111B)
Class [Lorg.gradle.api.internal.ClassPathProvider;                                    : loaded 2 times (x 67B)
Class org.gradle.util.internal.GUtil                                                  : loaded 2 times (x 69B)
Class com.google.common.math.IntMath                                                  : loaded 2 times (x 69B)
Class com.google.common.collect.AbstractIterator                                      : loaded 2 times (x 80B)
Class org.gradle.internal.classloader.ClassLoaderSpec                                 : loaded 2 times (x 69B)
Class com.google.common.base.NullnessCasts                                            : loaded 2 times (x 69B)
Class com.google.common.cache.LocalCache$LocalManualCache                             : loaded 2 times (x 97B)
Class com.google.common.collect.AbstractMapEntry                                      : loaded 2 times (x 79B)
Class com.google.common.base.CharMatcher$Negated                                      : loaded 2 times (x 111B)
Class com.google.common.cache.CacheLoader$1                                           : loaded 2 times (x 73B)
Class com.google.common.collect.ImmutableSet$Builder                                  : loaded 2 times (x 83B)
Class com.google.common.base.CharMatcher$ForPredicate                                 : loaded 2 times (x 110B)
Class com.google.common.collect.ImmutableMap$MapViewOfValuesAsSingletonSets           : loaded 2 times (x 123B)
Class com.google.common.base.MoreObjects                                              : loaded 2 times (x 69B)
Class com.google.common.collect.SortedMapDifference                                   : loaded 2 times (x 68B)
Class com.google.common.cache.CacheStats                                              : loaded 2 times (x 69B)
Class org.gradle.internal.classloader.VisitableURLClassLoader                         : loaded 2 times (x 114B)
Class com.google.common.cache.LocalCache$LocalLoadingCache                            : loaded 2 times (x 132B)
Class com.google.common.base.Supplier                                                 : loaded 2 times (x 68B)
Class com.google.common.collect.ImmutableBiMap                                        : loaded 2 times (x 141B)
Class org.gradle.internal.Cast                                                        : loaded 2 times (x 69B)
Class org.gradle.api.internal.ClassPathRegistry                                       : loaded 2 times (x 68B)
Class com.google.common.cache.LocalCache$EntryFactory                                 : loaded 2 times (x 81B)
Class com.google.common.util.concurrent.UncheckedExecutionException                   : loaded 2 times (x 80B)
Class com.google.common.collect.ImmutableSet                                          : loaded 2 times (x 143B)
Class org.gradle.internal.classloader.VisitableURLClassLoader$InstrumentingVisitableURLClassLoader: loaded 2 times (x 120B)
Class org.gradle.internal.classloader.ClassLoaderHierarchy                            : loaded 2 times (x 68B)
Class com.google.common.base.AbstractIterator$State                                   : loaded 2 times (x 77B)
Class com.google.common.cache.Weigher                                                 : loaded 2 times (x 68B)
Class com.google.common.base.CharMatcher$NamedFastMatcher                             : loaded 2 times (x 110B)
Class org.gradle.internal.InternalTransformer                                         : loaded 2 times (x 68B)
Class org.gradle.internal.service.ServiceLocator                                      : loaded 2 times (x 68B)
Class Settings_gradle$1                                                               : loaded 2 times (x 72B)
Class com.google.common.collect.ImmutableMapEntry                                     : loaded 2 times (x 83B)
Class com.google.common.base.CharMatcher$Invisible                                    : loaded 2 times (x 110B)
Class com.google.common.base.CharMatcher$FastMatcher                                  : loaded 2 times (x 109B)
Class org.gradle.internal.classpath.DefaultClassPath$ImmutableUniqueList              : loaded 2 times (x 159B)
Class com.google.common.base.CharMatcher$JavaLetter                                   : loaded 2 times (x 109B)
Class org.gradle.internal.classpath.TransformedClassPath                              : loaded 2 times (x 94B)
Class com.google.common.collect.MapDifference                                         : loaded 2 times (x 68B)
Class Settings_gradle                                                                 : loaded 2 times (x 126B)
Class com.google.common.collect.Platform                                              : loaded 2 times (x 69B)
Class com.google.common.collect.ImmutableAsList                                       : loaded 2 times (x 169B)
Class com.google.common.util.concurrent.ExecutionError                                : loaded 2 times (x 80B)
Class com.google.common.base.Equivalence$Identity                                     : loaded 2 times (x 80B)
Class com.google.common.base.CharMatcher$AnyOf                                        : loaded 2 times (x 110B)
Class com.google.common.base.CharMatcher$IsEither                                     : loaded 2 times (x 109B)
Class com.google.common.cache.LocalCache                                              : loaded 2 times (x 185B)
Class com.google.common.collect.RegularImmutableList                                  : loaded 2 times (x 172B)
Class com.google.common.base.CharMatcher$JavaUpperCase                                : loaded 2 times (x 109B)
Class com.google.common.collect.Multiset                                              : loaded 2 times (x 68B)
Class com.google.common.collect.ImmutableSet$CachingAsList                            : loaded 2 times (x 145B)
Class com.google.common.collect.ImmutableMapEntry$NonTerminalImmutableMapEntry        : loaded 2 times (x 83B)
Class com.google.common.collect.AbstractMapBasedMultimap                              : loaded 2 times (x 137B)


---------------  S Y S T E M  ---------------

OS:
 Windows 10 , 64 bit Build 19041 (10.0.19041.3636)
OS uptime: 3 days 18:53 hours

CPU: total 12 (initial active 12) (6 cores per cpu, 2 threads per core) family 6 model 158 stepping 13 microcode 0xde, cx8, cmov, fxsr, ht, mmx, 3dnowpref, sse, sse2, sse3, ssse3, sse4.1, sse4.2, popcnt, lzcnt, tsc, tscinvbit, avx, avx2, aes, erms, clmul, bmi1, bmi2, adx, fma, vzeroupper, clflush, clflushopt

Memory: 4k page, system-wide physical 8033M (387M free)
TotalPageFile size 32609M (AvailPageFile size 6M)
current process WorkingSet (physical memory assigned to process): 310M, peak: 310M
current process commit charge ("private bytes"): 344M, peak: 346M

vm_info: OpenJDK 64-Bit Server VM (17.0.7+0-b2043.56-10550314) for windows-amd64 JRE (17.0.7+0-b2043.56-10550314), built on Jul 24 2023 18:27:45 by "androidbuild" with MS VC++ 16.10 / 16.11 (VS2019)

END.
